{"/Users/law/Programming/Web/BJSM/packages/ecs/src/babylon.ts": {"path":"/Users/law/Programming/Web/BJSM/packages/ecs/src/babylon.ts","all":true,"statementMap":{"0":{"start":{"line":1,"column":0},"end":{"line":1,"column":42}}},"s":{"0":0},"branchMap":{"0":{"type":"branch","line":1,"loc":{"start":{"line":1,"column":0},"end":{"line":1,"column":14}},"locations":[{"start":{"line":1,"column":0},"end":{"line":1,"column":14}}]}},"b":{"0":[0]},"fnMap":{"0":{"name":"(empty-report)","decl":{"start":{"line":1,"column":0},"end":{"line":1,"column":14}},"loc":{"start":{"line":1,"column":0},"end":{"line":1,"column":14}},"line":1}},"f":{"0":0}}
,"/Users/law/Programming/Web/BJSM/packages/ecs/src/index.ts": {"path":"/Users/law/Programming/Web/BJSM/packages/ecs/src/index.ts","all":true,"statementMap":{"0":{"start":{"line":1,"column":0},"end":{"line":1,"column":28}},"1":{"start":{"line":2,"column":0},"end":{"line":2,"column":42}},"2":{"start":{"line":3,"column":0},"end":{"line":3,"column":36}},"3":{"start":{"line":4,"column":0},"end":{"line":4,"column":40}},"4":{"start":{"line":5,"column":0},"end":{"line":5,"column":36}},"5":{"start":{"line":6,"column":0},"end":{"line":6,"column":34}},"6":{"start":{"line":7,"column":0},"end":{"line":7,"column":46}},"7":{"start":{"line":8,"column":0},"end":{"line":8,"column":40}},"8":{"start":{"line":9,"column":0},"end":{"line":9,"column":40}},"31":{"start":{"line":32,"column":0},"end":{"line":32,"column":47}},"32":{"start":{"line":33,"column":0},"end":{"line":33,"column":47}}},"s":{"0":0,"1":0,"2":0,"3":0,"4":0,"5":0,"6":0,"7":0,"8":0,"31":0,"32":0},"branchMap":{"0":{"type":"branch","line":1,"loc":{"start":{"line":1,"column":815},"end":{"line":33,"column":47}},"locations":[{"start":{"line":1,"column":815},"end":{"line":33,"column":47}}]}},"b":{"0":[0]},"fnMap":{"0":{"name":"(empty-report)","decl":{"start":{"line":1,"column":815},"end":{"line":33,"column":47}},"loc":{"start":{"line":1,"column":815},"end":{"line":33,"column":47}},"line":1}},"f":{"0":0}}
,"/Users/law/Programming/Web/BJSM/packages/ecs/src/testing.ts": {"path":"/Users/law/Programming/Web/BJSM/packages/ecs/src/testing.ts","all":true,"statementMap":{"0":{"start":{"line":1,"column":0},"end":{"line":1,"column":30}}},"s":{"0":0},"branchMap":{"0":{"type":"branch","line":1,"loc":{"start":{"line":1,"column":0},"end":{"line":1,"column":14}},"locations":[{"start":{"line":1,"column":0},"end":{"line":1,"column":14}}]}},"b":{"0":[0]},"fnMap":{"0":{"name":"(empty-report)","decl":{"start":{"line":1,"column":0},"end":{"line":1,"column":14}},"loc":{"start":{"line":1,"column":0},"end":{"line":1,"column":14}},"line":1}},"f":{"0":0}}
,"/Users/law/Programming/Web/BJSM/packages/ecs/src/three.ts": {"path":"/Users/law/Programming/Web/BJSM/packages/ecs/src/three.ts","all":true,"statementMap":{"0":{"start":{"line":1,"column":0},"end":{"line":1,"column":40}}},"s":{"0":0},"branchMap":{"0":{"type":"branch","line":1,"loc":{"start":{"line":1,"column":0},"end":{"line":1,"column":14}},"locations":[{"start":{"line":1,"column":0},"end":{"line":1,"column":14}}]}},"b":{"0":[0]},"fnMap":{"0":{"name":"(empty-report)","decl":{"start":{"line":1,"column":0},"end":{"line":1,"column":14}},"loc":{"start":{"line":1,"column":0},"end":{"line":1,"column":14}},"line":1}},"f":{"0":0}}
,"/Users/law/Programming/Web/BJSM/packages/ecs/src/ECS/index.ts": {"path":"/Users/law/Programming/Web/BJSM/packages/ecs/src/ECS/index.ts","all":false,"statementMap":{"0":{"start":{"line":1,"column":0},"end":{"line":1,"column":24}},"1":{"start":{"line":2,"column":0},"end":{"line":2,"column":38}},"2":{"start":{"line":3,"column":0},"end":{"line":3,"column":32}},"3":{"start":{"line":4,"column":0},"end":{"line":4,"column":36}},"4":{"start":{"line":5,"column":0},"end":{"line":5,"column":32}},"5":{"start":{"line":6,"column":0},"end":{"line":6,"column":30}},"6":{"start":{"line":7,"column":0},"end":{"line":7,"column":42}},"7":{"start":{"line":8,"column":0},"end":{"line":8,"column":36}},"8":{"start":{"line":9,"column":0},"end":{"line":9,"column":36}}},"s":{"0":1,"1":1,"2":1,"3":1,"4":1,"5":1,"6":1,"7":1,"8":1},"branchMap":{},"b":{},"fnMap":{},"f":{}}
,"/Users/law/Programming/Web/BJSM/packages/ecs/src/ECS/types.ts": {"path":"/Users/law/Programming/Web/BJSM/packages/ecs/src/ECS/types.ts","all":false,"statementMap":{},"s":{},"branchMap":{},"b":{},"fnMap":{},"f":{}}
,"/Users/law/Programming/Web/BJSM/packages/ecs/src/ECS/Component/Component.ts": {"path":"/Users/law/Programming/Web/BJSM/packages/ecs/src/ECS/Component/Component.ts","all":false,"statementMap":{"19":{"start":{"line":20,"column":0},"end":{"line":20,"column":33}},"24":{"start":{"line":25,"column":0},"end":{"line":25,"column":32}},"30":{"start":{"line":31,"column":0},"end":{"line":31,"column":32}},"35":{"start":{"line":36,"column":0},"end":{"line":36,"column":35}},"41":{"start":{"line":42,"column":0},"end":{"line":42,"column":26}},"42":{"start":{"line":43,"column":0},"end":{"line":43,"column":25}},"43":{"start":{"line":44,"column":0},"end":{"line":44,"column":3}},"50":{"start":{"line":51,"column":0},"end":{"line":51,"column":31}},"51":{"start":{"line":52,"column":0},"end":{"line":52,"column":34}},"52":{"start":{"line":53,"column":0},"end":{"line":53,"column":28}},"54":{"start":{"line":55,"column":0},"end":{"line":55,"column":99}},"55":{"start":{"line":56,"column":0},"end":{"line":56,"column":32}},"56":{"start":{"line":57,"column":0},"end":{"line":57,"column":24}},"57":{"start":{"line":58,"column":0},"end":{"line":58,"column":9}},"58":{"start":{"line":59,"column":0},"end":{"line":59,"column":5}},"59":{"start":{"line":60,"column":0},"end":{"line":60,"column":3}},"68":{"start":{"line":69,"column":0},"end":{"line":69,"column":58}},"69":{"start":{"line":70,"column":0},"end":{"line":70,"column":29}},"70":{"start":{"line":71,"column":0},"end":{"line":71,"column":29}},"72":{"start":{"line":73,"column":0},"end":{"line":73,"column":28}},"73":{"start":{"line":74,"column":0},"end":{"line":74,"column":3}},"79":{"start":{"line":80,"column":0},"end":{"line":80,"column":20}},"81":{"start":{"line":82,"column":0},"end":{"line":82,"column":28}},"83":{"start":{"line":84,"column":0},"end":{"line":84,"column":30}},"84":{"start":{"line":85,"column":0},"end":{"line":85,"column":30}},"85":{"start":{"line":86,"column":0},"end":{"line":86,"column":3}},"93":{"start":{"line":94,"column":0},"end":{"line":94,"column":39}},"101":{"start":{"line":102,"column":0},"end":{"line":102,"column":39}},"113":{"start":{"line":114,"column":0},"end":{"line":114,"column":51}},"114":{"start":{"line":115,"column":0},"end":{"line":115,"column":41}},"115":{"start":{"line":116,"column":0},"end":{"line":116,"column":67}},"116":{"start":{"line":117,"column":0},"end":{"line":117,"column":5}},"117":{"start":{"line":118,"column":0},"end":{"line":118,"column":3}},"126":{"start":{"line":127,"column":0},"end":{"line":127,"column":22}},"127":{"start":{"line":128,"column":0},"end":{"line":128,"column":51}},"128":{"start":{"line":129,"column":0},"end":{"line":129,"column":40}},"130":{"start":{"line":131,"column":0},"end":{"line":131,"column":32}},"132":{"start":{"line":133,"column":0},"end":{"line":133,"column":32}},"133":{"start":{"line":134,"column":0},"end":{"line":134,"column":32}},"134":{"start":{"line":135,"column":0},"end":{"line":135,"column":18}},"135":{"start":{"line":136,"column":0},"end":{"line":136,"column":3}},"143":{"start":{"line":144,"column":0},"end":{"line":144,"column":17}},"145":{"start":{"line":146,"column":0},"end":{"line":146,"column":78}},"146":{"start":{"line":147,"column":0},"end":{"line":147,"column":16}},"147":{"start":{"line":148,"column":0},"end":{"line":148,"column":3}},"148":{"start":{"line":149,"column":0},"end":{"line":149,"column":1}}},"s":{"19":1,"24":1378,"30":1378,"35":1378,"41":1378,"42":1,"43":1,"50":1378,"51":5,"52":4,"54":4,"55":4,"56":4,"57":4,"58":4,"59":5,"68":1378,"69":1350,"70":1350,"72":1350,"73":1350,"79":1378,"81":149,"83":149,"84":149,"85":149,"93":1378,"101":1378,"113":1378,"114":3,"115":1,"116":1,"117":3,"126":1378,"127":5,"128":5,"130":5,"132":5,"133":5,"134":5,"135":5,"143":1378,"145":6,"146":6,"147":6,"148":1378},"branchMap":{"0":{"type":"branch","line":20,"loc":{"start":{"line":20,"column":32},"end":{"line":149,"column":1}},"locations":[{"start":{"line":20,"column":32},"end":{"line":149,"column":1}}]},"1":{"type":"branch","line":42,"loc":{"start":{"line":42,"column":2},"end":{"line":44,"column":3}},"locations":[{"start":{"line":42,"column":2},"end":{"line":44,"column":3}}]},"2":{"type":"branch","line":51,"loc":{"start":{"line":51,"column":2},"end":{"line":60,"column":3}},"locations":[{"start":{"line":51,"column":2},"end":{"line":60,"column":3}}]},"3":{"type":"branch","line":52,"loc":{"start":{"line":52,"column":33},"end":{"line":59,"column":5}},"locations":[{"start":{"line":52,"column":33},"end":{"line":59,"column":5}}]},"4":{"type":"branch","line":55,"loc":{"start":{"line":55,"column":11},"end":{"line":55,"column":26}},"locations":[{"start":{"line":55,"column":11},"end":{"line":55,"column":26}}]},"5":{"type":"branch","line":55,"loc":{"start":{"line":55,"column":64},"end":{"line":55,"column":84}},"locations":[{"start":{"line":55,"column":64},"end":{"line":55,"column":84}}]},"6":{"type":"branch","line":55,"loc":{"start":{"line":55,"column":72},"end":{"line":55,"column":94}},"locations":[{"start":{"line":55,"column":72},"end":{"line":55,"column":94}}]},"7":{"type":"branch","line":69,"loc":{"start":{"line":69,"column":2},"end":{"line":74,"column":3}},"locations":[{"start":{"line":69,"column":2},"end":{"line":74,"column":3}}]},"8":{"type":"branch","line":80,"loc":{"start":{"line":80,"column":2},"end":{"line":86,"column":3}},"locations":[{"start":{"line":80,"column":2},"end":{"line":86,"column":3}}]},"9":{"type":"branch","line":94,"loc":{"start":{"line":94,"column":12},"end":{"line":94,"column":39}},"locations":[{"start":{"line":94,"column":12},"end":{"line":94,"column":39}}]},"10":{"type":"branch","line":102,"loc":{"start":{"line":102,"column":12},"end":{"line":102,"column":39}},"locations":[{"start":{"line":102,"column":12},"end":{"line":102,"column":39}}]},"11":{"type":"branch","line":114,"loc":{"start":{"line":114,"column":12},"end":{"line":118,"column":3}},"locations":[{"start":{"line":114,"column":12},"end":{"line":118,"column":3}}]},"12":{"type":"branch","line":115,"loc":{"start":{"line":115,"column":13},"end":{"line":115,"column":40}},"locations":[{"start":{"line":115,"column":13},"end":{"line":115,"column":40}}]},"13":{"type":"branch","line":115,"loc":{"start":{"line":115,"column":40},"end":{"line":117,"column":5}},"locations":[{"start":{"line":115,"column":40},"end":{"line":117,"column":5}}]},"14":{"type":"branch","line":127,"loc":{"start":{"line":127,"column":2},"end":{"line":136,"column":3}},"locations":[{"start":{"line":127,"column":2},"end":{"line":136,"column":3}}]},"15":{"type":"branch","line":144,"loc":{"start":{"line":144,"column":2},"end":{"line":148,"column":3}},"locations":[{"start":{"line":144,"column":2},"end":{"line":148,"column":3}}]}},"b":{"0":[1378],"1":[1],"2":[5],"3":[4],"4":[3],"5":[1],"6":[2],"7":[1350],"8":[149],"9":[1342],"10":[148],"11":[3],"12":[1],"13":[1],"14":[5],"15":[6]},"fnMap":{"0":{"name":"<instance_members_initializer>","decl":{"start":{"line":20,"column":32},"end":{"line":149,"column":1}},"loc":{"start":{"line":20,"column":32},"end":{"line":149,"column":1}},"line":20},"1":{"name":"get enabled","decl":{"start":{"line":42,"column":2},"end":{"line":44,"column":3}},"loc":{"start":{"line":42,"column":2},"end":{"line":44,"column":3}},"line":42},"2":{"name":"set enabled","decl":{"start":{"line":51,"column":2},"end":{"line":60,"column":3}},"loc":{"start":{"line":51,"column":2},"end":{"line":60,"column":3}},"line":51},"3":{"name":"onAttach","decl":{"start":{"line":69,"column":2},"end":{"line":74,"column":3}},"loc":{"start":{"line":69,"column":2},"end":{"line":74,"column":3}},"line":69},"4":{"name":"onDetach","decl":{"start":{"line":80,"column":2},"end":{"line":86,"column":3}},"loc":{"start":{"line":80,"column":2},"end":{"line":86,"column":3}},"line":80},"5":{"name":"onAttachOverride","decl":{"start":{"line":94,"column":12},"end":{"line":94,"column":39}},"loc":{"start":{"line":94,"column":12},"end":{"line":94,"column":39}},"line":94},"6":{"name":"onDetachOverride","decl":{"start":{"line":102,"column":12},"end":{"line":102,"column":39}},"loc":{"start":{"line":102,"column":12},"end":{"line":102,"column":39}},"line":102},"7":{"name":"emit","decl":{"start":{"line":114,"column":12},"end":{"line":118,"column":3}},"loc":{"start":{"line":114,"column":12},"end":{"line":118,"column":3}},"line":114},"8":{"name":"clone","decl":{"start":{"line":127,"column":2},"end":{"line":136,"column":3}},"loc":{"start":{"line":127,"column":2},"end":{"line":136,"column":3}},"line":127},"9":{"name":"toJSON","decl":{"start":{"line":144,"column":2},"end":{"line":148,"column":3}},"loc":{"start":{"line":144,"column":2},"end":{"line":148,"column":3}},"line":144}},"f":{"0":1378,"1":1,"2":5,"3":1350,"4":149,"5":1342,"6":148,"7":3,"8":5,"9":6}}
,"/Users/law/Programming/Web/BJSM/packages/ecs/src/ECS/Entity/Entity.ts": {"path":"/Users/law/Programming/Web/BJSM/packages/ecs/src/ECS/Entity/Entity.ts","all":false,"statementMap":{"0":{"start":{"line":1,"column":0},"end":{"line":1,"column":56}},"19":{"start":{"line":20,"column":0},"end":{"line":20,"column":21}},"24":{"start":{"line":25,"column":0},"end":{"line":25,"column":28}},"30":{"start":{"line":31,"column":0},"end":{"line":31,"column":31}},"37":{"start":{"line":38,"column":0},"end":{"line":38,"column":64}},"42":{"start":{"line":43,"column":0},"end":{"line":43,"column":29}},"48":{"start":{"line":49,"column":0},"end":{"line":49,"column":34}},"53":{"start":{"line":54,"column":0},"end":{"line":54,"column":29}},"59":{"start":{"line":60,"column":0},"end":{"line":60,"column":40}},"67":{"start":{"line":68,"column":0},"end":{"line":68,"column":50}},"68":{"start":{"line":69,"column":0},"end":{"line":69,"column":48}},"69":{"start":{"line":70,"column":0},"end":{"line":70,"column":29}},"70":{"start":{"line":71,"column":0},"end":{"line":71,"column":3}},"76":{"start":{"line":77,"column":0},"end":{"line":77,"column":25}},"77":{"start":{"line":78,"column":0},"end":{"line":78,"column":24}},"78":{"start":{"line":79,"column":0},"end":{"line":79,"column":3}},"84":{"start":{"line":85,"column":0},"end":{"line":85,"column":30}},"85":{"start":{"line":86,"column":0},"end":{"line":86,"column":33}},"86":{"start":{"line":87,"column":0},"end":{"line":87,"column":27}},"87":{"start":{"line":88,"column":0},"end":{"line":88,"column":86}},"88":{"start":{"line":89,"column":0},"end":{"line":89,"column":21}},"89":{"start":{"line":90,"column":0},"end":{"line":90,"column":9}},"90":{"start":{"line":91,"column":0},"end":{"line":91,"column":5}},"91":{"start":{"line":92,"column":0},"end":{"line":92,"column":3}},"96":{"start":{"line":97,"column":0},"end":{"line":97,"column":22}},"97":{"start":{"line":98,"column":0},"end":{"line":98,"column":22}},"98":{"start":{"line":99,"column":0},"end":{"line":99,"column":3}},"103":{"start":{"line":104,"column":0},"end":{"line":104,"column":27}},"104":{"start":{"line":105,"column":0},"end":{"line":105,"column":23}},"105":{"start":{"line":106,"column":0},"end":{"line":106,"column":3}},"121":{"start":{"line":122,"column":0},"end":{"line":122,"column":92}},"122":{"start":{"line":123,"column":0},"end":{"line":123,"column":29}},"123":{"start":{"line":124,"column":0},"end":{"line":124,"column":38}},"126":{"start":{"line":127,"column":0},"end":{"line":127,"column":48}},"128":{"start":{"line":129,"column":0},"end":{"line":129,"column":35}},"129":{"start":{"line":130,"column":0},"end":{"line":130,"column":69}},"130":{"start":{"line":131,"column":0},"end":{"line":131,"column":12}},"132":{"start":{"line":133,"column":0},"end":{"line":133,"column":57}},"133":{"start":{"line":134,"column":0},"end":{"line":134,"column":46}},"134":{"start":{"line":135,"column":0},"end":{"line":135,"column":5}},"137":{"start":{"line":138,"column":0},"end":{"line":138,"column":46}},"138":{"start":{"line":139,"column":0},"end":{"line":139,"column":18}},"139":{"start":{"line":140,"column":0},"end":{"line":140,"column":5}},"142":{"start":{"line":143,"column":0},"end":{"line":143,"column":51}},"143":{"start":{"line":144,"column":0},"end":{"line":144,"column":47}},"146":{"start":{"line":147,"column":0},"end":{"line":147,"column":61}},"147":{"start":{"line":148,"column":0},"end":{"line":148,"column":19}},"148":{"start":{"line":149,"column":0},"end":{"line":149,"column":16}},"149":{"start":{"line":150,"column":0},"end":{"line":150,"column":27}},"150":{"start":{"line":151,"column":0},"end":{"line":151,"column":7}},"152":{"start":{"line":153,"column":0},"end":{"line":153,"column":16}},"153":{"start":{"line":154,"column":0},"end":{"line":154,"column":3}},"164":{"start":{"line":165,"column":0},"end":{"line":165,"column":77}},"166":{"start":{"line":167,"column":0},"end":{"line":167,"column":55}},"167":{"start":{"line":168,"column":0},"end":{"line":168,"column":35}},"171":{"start":{"line":172,"column":0},"end":{"line":172,"column":43}},"172":{"start":{"line":173,"column":0},"end":{"line":173,"column":48}},"173":{"start":{"line":174,"column":0},"end":{"line":174,"column":36}},"174":{"start":{"line":175,"column":0},"end":{"line":175,"column":25}},"175":{"start":{"line":176,"column":0},"end":{"line":176,"column":7}},"176":{"start":{"line":177,"column":0},"end":{"line":177,"column":5}},"177":{"start":{"line":178,"column":0},"end":{"line":178,"column":21}},"178":{"start":{"line":179,"column":0},"end":{"line":179,"column":3}},"186":{"start":{"line":187,"column":0},"end":{"line":187,"column":47}},"187":{"start":{"line":188,"column":0},"end":{"line":188,"column":57}},"189":{"start":{"line":190,"column":0},"end":{"line":190,"column":43}},"190":{"start":{"line":191,"column":0},"end":{"line":191,"column":47}},"191":{"start":{"line":192,"column":0},"end":{"line":192,"column":47}},"192":{"start":{"line":193,"column":0},"end":{"line":193,"column":5}},"193":{"start":{"line":194,"column":0},"end":{"line":194,"column":17}},"194":{"start":{"line":195,"column":0},"end":{"line":195,"column":3}},"203":{"start":{"line":204,"column":0},"end":{"line":204,"column":57}},"204":{"start":{"line":205,"column":0},"end":{"line":205,"column":56}},"205":{"start":{"line":206,"column":0},"end":{"line":206,"column":3}},"214":{"start":{"line":215,"column":0},"end":{"line":215,"column":57}},"215":{"start":{"line":216,"column":0},"end":{"line":216,"column":55}},"216":{"start":{"line":217,"column":0},"end":{"line":217,"column":3}},"227":{"start":{"line":228,"column":0},"end":{"line":228,"column":49}},"228":{"start":{"line":229,"column":0},"end":{"line":229,"column":58}},"229":{"start":{"line":230,"column":0},"end":{"line":230,"column":21}},"230":{"start":{"line":231,"column":0},"end":{"line":231,"column":18}},"231":{"start":{"line":232,"column":0},"end":{"line":232,"column":5}},"234":{"start":{"line":235,"column":0},"end":{"line":235,"column":25}},"235":{"start":{"line":236,"column":0},"end":{"line":236,"column":43}},"238":{"start":{"line":239,"column":0},"end":{"line":239,"column":63}},"239":{"start":{"line":240,"column":0},"end":{"line":240,"column":19}},"240":{"start":{"line":241,"column":0},"end":{"line":241,"column":16}},"241":{"start":{"line":242,"column":0},"end":{"line":242,"column":27}},"242":{"start":{"line":243,"column":0},"end":{"line":243,"column":7}},"244":{"start":{"line":245,"column":0},"end":{"line":245,"column":16}},"245":{"start":{"line":246,"column":0},"end":{"line":246,"column":3}},"251":{"start":{"line":252,"column":0},"end":{"line":252,"column":21}},"253":{"start":{"line":254,"column":0},"end":{"line":254,"column":66}},"254":{"start":{"line":255,"column":0},"end":{"line":255,"column":78}},"255":{"start":{"line":256,"column":0},"end":{"line":256,"column":3}},"261":{"start":{"line":262,"column":0},"end":{"line":262,"column":32}},"262":{"start":{"line":263,"column":0},"end":{"line":263,"column":48}},"263":{"start":{"line":264,"column":0},"end":{"line":264,"column":3}},"269":{"start":{"line":270,"column":0},"end":{"line":270,"column":40}},"270":{"start":{"line":271,"column":0},"end":{"line":271,"column":46}},"271":{"start":{"line":272,"column":0},"end":{"line":272,"column":3}},"280":{"start":{"line":281,"column":0},"end":{"line":281,"column":31}},"281":{"start":{"line":282,"column":0},"end":{"line":282,"column":30}},"282":{"start":{"line":283,"column":0},"end":{"line":283,"column":25}},"283":{"start":{"line":284,"column":0},"end":{"line":284,"column":79}},"284":{"start":{"line":285,"column":0},"end":{"line":285,"column":5}},"285":{"start":{"line":286,"column":0},"end":{"line":286,"column":16}},"286":{"start":{"line":287,"column":0},"end":{"line":287,"column":3}},"294":{"start":{"line":295,"column":0},"end":{"line":295,"column":34}},"295":{"start":{"line":296,"column":0},"end":{"line":296,"column":32}},"296":{"start":{"line":297,"column":0},"end":{"line":297,"column":81}},"297":{"start":{"line":298,"column":0},"end":{"line":298,"column":5}},"298":{"start":{"line":299,"column":0},"end":{"line":299,"column":16}},"299":{"start":{"line":300,"column":0},"end":{"line":300,"column":3}},"307":{"start":{"line":308,"column":0},"end":{"line":308,"column":32}},"308":{"start":{"line":309,"column":0},"end":{"line":309,"column":30}},"309":{"start":{"line":310,"column":0},"end":{"line":310,"column":3}},"315":{"start":{"line":316,"column":0},"end":{"line":316,"column":23}},"316":{"start":{"line":317,"column":0},"end":{"line":317,"column":33}},"317":{"start":{"line":318,"column":0},"end":{"line":318,"column":3}},"322":{"start":{"line":323,"column":0},"end":{"line":323,"column":21}},"323":{"start":{"line":324,"column":0},"end":{"line":324,"column":22}},"324":{"start":{"line":325,"column":0},"end":{"line":325,"column":3}},"338":{"start":{"line":339,"column":0},"end":{"line":339,"column":19}},"339":{"start":{"line":340,"column":0},"end":{"line":340,"column":45}},"340":{"start":{"line":341,"column":0},"end":{"line":341,"column":30}},"341":{"start":{"line":342,"column":0},"end":{"line":342,"column":34}},"344":{"start":{"line":345,"column":0},"end":{"line":345,"column":51}},"347":{"start":{"line":348,"column":0},"end":{"line":348,"column":60}},"348":{"start":{"line":349,"column":0},"end":{"line":349,"column":48}},"349":{"start":{"line":350,"column":0},"end":{"line":350,"column":61}},"350":{"start":{"line":351,"column":0},"end":{"line":351,"column":57}},"351":{"start":{"line":352,"column":0},"end":{"line":352,"column":7}},"353":{"start":{"line":354,"column":0},"end":{"line":354,"column":18}},"354":{"start":{"line":355,"column":0},"end":{"line":355,"column":3}},"364":{"start":{"line":365,"column":0},"end":{"line":365,"column":19}},"365":{"start":{"line":366,"column":0},"end":{"line":366,"column":21}},"366":{"start":{"line":367,"column":0},"end":{"line":367,"column":21}},"367":{"start":{"line":368,"column":0},"end":{"line":368,"column":72}},"368":{"start":{"line":369,"column":0},"end":{"line":369,"column":3}},"376":{"start":{"line":377,"column":0},"end":{"line":377,"column":17}},"377":{"start":{"line":378,"column":0},"end":{"line":378,"column":31}},"378":{"start":{"line":379,"column":0},"end":{"line":379,"column":60}},"379":{"start":{"line":380,"column":0},"end":{"line":380,"column":59}},"380":{"start":{"line":381,"column":0},"end":{"line":381,"column":7}},"382":{"start":{"line":383,"column":0},"end":{"line":383,"column":12}},"383":{"start":{"line":384,"column":0},"end":{"line":384,"column":18}},"384":{"start":{"line":385,"column":0},"end":{"line":385,"column":23}},"385":{"start":{"line":386,"column":0},"end":{"line":386,"column":27}},"386":{"start":{"line":387,"column":0},"end":{"line":387,"column":34}},"387":{"start":{"line":388,"column":0},"end":{"line":388,"column":17}},"388":{"start":{"line":389,"column":0},"end":{"line":389,"column":6}},"389":{"start":{"line":390,"column":0},"end":{"line":390,"column":3}},"390":{"start":{"line":391,"column":0},"end":{"line":391,"column":1}}},"s":{"0":1,"19":1,"24":1341,"30":1341,"37":1341,"42":1341,"48":1341,"53":1341,"59":1341,"67":1341,"68":1332,"69":1332,"70":1332,"76":1341,"77":1475,"78":1475,"84":1341,"85":104,"86":103,"87":103,"88":103,"89":103,"90":103,"91":104,"96":1341,"97":3,"98":3,"103":1341,"104":4,"105":4,"121":1341,"122":1341,"123":1341,"126":1341,"128":197,"129":197,"130":1341,"132":1144,"133":1144,"134":1144,"137":1341,"138":1,"139":1,"142":1340,"143":1340,"146":1340,"147":1340,"148":1340,"149":1340,"150":1340,"152":1340,"153":1341,"164":1341,"166":86,"167":86,"171":2,"172":17,"173":1,"174":1,"175":1,"176":1,"177":1,"178":86,"186":1341,"187":2163,"189":1332,"190":2163,"191":1012,"192":1012,"193":1331,"194":2163,"203":1341,"204":1348,"205":1348,"214":1341,"215":484,"216":484,"227":1341,"228":149,"229":149,"230":1,"231":1,"234":148,"235":148,"238":148,"239":148,"240":148,"241":148,"242":148,"244":148,"245":149,"251":1341,"253":133,"254":133,"255":133,"261":1341,"262":139,"263":139,"269":1341,"270":136,"271":136,"280":1341,"281":256,"282":255,"283":255,"284":255,"285":256,"286":256,"294":1341,"295":4,"296":3,"297":3,"298":4,"299":4,"307":1341,"308":260,"309":260,"315":1341,"316":140,"317":140,"322":1341,"323":132,"324":132,"338":1341,"339":3,"340":3,"341":3,"344":3,"347":3,"348":2,"349":2,"350":2,"351":3,"353":3,"354":3,"364":1341,"365":131,"366":131,"367":131,"368":131,"376":1341,"377":3,"378":3,"379":3,"380":3,"382":3,"383":3,"384":3,"385":3,"386":3,"387":3,"388":3,"389":3,"390":1341},"branchMap":{"0":{"type":"branch","line":20,"loc":{"start":{"line":20,"column":20},"end":{"line":391,"column":1}},"locations":[{"start":{"line":20,"column":20},"end":{"line":391,"column":1}}]},"1":{"type":"branch","line":68,"loc":{"start":{"line":68,"column":2},"end":{"line":71,"column":3}},"locations":[{"start":{"line":68,"column":2},"end":{"line":71,"column":3}}]},"2":{"type":"branch","line":69,"loc":{"start":{"line":69,"column":14},"end":{"line":69,"column":48}},"locations":[{"start":{"line":69,"column":14},"end":{"line":69,"column":48}}]},"3":{"type":"branch","line":77,"loc":{"start":{"line":77,"column":2},"end":{"line":79,"column":3}},"locations":[{"start":{"line":77,"column":2},"end":{"line":79,"column":3}}]},"4":{"type":"branch","line":85,"loc":{"start":{"line":85,"column":2},"end":{"line":92,"column":3}},"locations":[{"start":{"line":85,"column":2},"end":{"line":92,"column":3}}]},"5":{"type":"branch","line":86,"loc":{"start":{"line":86,"column":32},"end":{"line":91,"column":5}},"locations":[{"start":{"line":86,"column":32},"end":{"line":91,"column":5}}]},"6":{"type":"branch","line":88,"loc":{"start":{"line":88,"column":46},"end":{"line":88,"column":68}},"locations":[{"start":{"line":88,"column":46},"end":{"line":88,"column":68}}]},"7":{"type":"branch","line":88,"loc":{"start":{"line":88,"column":54},"end":{"line":88,"column":81}},"locations":[{"start":{"line":88,"column":54},"end":{"line":88,"column":81}}]},"8":{"type":"branch","line":97,"loc":{"start":{"line":97,"column":2},"end":{"line":99,"column":3}},"locations":[{"start":{"line":97,"column":2},"end":{"line":99,"column":3}}]},"9":{"type":"branch","line":104,"loc":{"start":{"line":104,"column":2},"end":{"line":106,"column":3}},"locations":[{"start":{"line":104,"column":2},"end":{"line":106,"column":3}}]},"10":{"type":"branch","line":122,"loc":{"start":{"line":122,"column":2},"end":{"line":154,"column":3}},"locations":[{"start":{"line":122,"column":2},"end":{"line":154,"column":3}}]},"11":{"type":"branch","line":127,"loc":{"start":{"line":127,"column":47},"end":{"line":131,"column":11}},"locations":[{"start":{"line":127,"column":47},"end":{"line":131,"column":11}}]},"12":{"type":"branch","line":131,"loc":{"start":{"line":131,"column":4},"end":{"line":135,"column":5}},"locations":[{"start":{"line":131,"column":4},"end":{"line":135,"column":5}}]},"13":{"type":"branch","line":138,"loc":{"start":{"line":138,"column":45},"end":{"line":140,"column":5}},"locations":[{"start":{"line":138,"column":45},"end":{"line":140,"column":5}}]},"14":{"type":"branch","line":140,"loc":{"start":{"line":140,"column":4},"end":{"line":153,"column":16}},"locations":[{"start":{"line":140,"column":4},"end":{"line":153,"column":16}}]},"15":{"type":"branch","line":165,"loc":{"start":{"line":165,"column":2},"end":{"line":179,"column":3}},"locations":[{"start":{"line":165,"column":2},"end":{"line":179,"column":3}}]},"16":{"type":"branch","line":168,"loc":{"start":{"line":168,"column":16},"end":{"line":168,"column":35}},"locations":[{"start":{"line":168,"column":16},"end":{"line":168,"column":35}}]},"17":{"type":"branch","line":168,"loc":{"start":{"line":168,"column":23},"end":{"line":178,"column":21}},"locations":[{"start":{"line":168,"column":23},"end":{"line":178,"column":21}}]},"18":{"type":"branch","line":168,"loc":{"start":{"line":168,"column":23},"end":{"line":173,"column":47}},"locations":[{"start":{"line":168,"column":23},"end":{"line":173,"column":47}}]},"19":{"type":"branch","line":173,"loc":{"start":{"line":173,"column":47},"end":{"line":178,"column":21}},"locations":[{"start":{"line":173,"column":47},"end":{"line":178,"column":21}}]},"20":{"type":"branch","line":187,"loc":{"start":{"line":187,"column":2},"end":{"line":195,"column":3}},"locations":[{"start":{"line":187,"column":2},"end":{"line":195,"column":3}}]},"21":{"type":"branch","line":188,"loc":{"start":{"line":188,"column":45},"end":{"line":191,"column":46}},"locations":[{"start":{"line":188,"column":45},"end":{"line":191,"column":46}}]},"22":{"type":"branch","line":188,"loc":{"start":{"line":188,"column":45},"end":{"line":188,"column":57}},"locations":[{"start":{"line":188,"column":45},"end":{"line":188,"column":57}}]},"23":{"type":"branch","line":188,"loc":{"start":{"line":188,"column":52},"end":{"line":191,"column":46}},"locations":[{"start":{"line":188,"column":52},"end":{"line":191,"column":46}}]},"24":{"type":"branch","line":191,"loc":{"start":{"line":191,"column":46},"end":{"line":194,"column":17}},"locations":[{"start":{"line":191,"column":46},"end":{"line":194,"column":17}}]},"25":{"type":"branch","line":191,"loc":{"start":{"line":191,"column":46},"end":{"line":193,"column":5}},"locations":[{"start":{"line":191,"column":46},"end":{"line":193,"column":5}}]},"26":{"type":"branch","line":192,"loc":{"start":{"line":192,"column":35},"end":{"line":192,"column":47}},"locations":[{"start":{"line":192,"column":35},"end":{"line":192,"column":47}}]},"27":{"type":"branch","line":193,"loc":{"start":{"line":193,"column":4},"end":{"line":194,"column":17}},"locations":[{"start":{"line":193,"column":4},"end":{"line":194,"column":17}}]},"28":{"type":"branch","line":204,"loc":{"start":{"line":204,"column":2},"end":{"line":206,"column":3}},"locations":[{"start":{"line":204,"column":2},"end":{"line":206,"column":3}}]},"29":{"type":"branch","line":205,"loc":{"start":{"line":205,"column":34},"end":{"line":205,"column":54}},"locations":[{"start":{"line":205,"column":34},"end":{"line":205,"column":54}}]},"30":{"type":"branch","line":215,"loc":{"start":{"line":215,"column":2},"end":{"line":217,"column":3}},"locations":[{"start":{"line":215,"column":2},"end":{"line":217,"column":3}}]},"31":{"type":"branch","line":216,"loc":{"start":{"line":216,"column":33},"end":{"line":216,"column":53}},"locations":[{"start":{"line":216,"column":33},"end":{"line":216,"column":53}}]},"32":{"type":"branch","line":228,"loc":{"start":{"line":228,"column":2},"end":{"line":246,"column":3}},"locations":[{"start":{"line":228,"column":2},"end":{"line":246,"column":3}}]},"33":{"type":"branch","line":230,"loc":{"start":{"line":230,"column":20},"end":{"line":232,"column":5}},"locations":[{"start":{"line":230,"column":20},"end":{"line":232,"column":5}}]},"34":{"type":"branch","line":232,"loc":{"start":{"line":232,"column":4},"end":{"line":245,"column":16}},"locations":[{"start":{"line":232,"column":4},"end":{"line":245,"column":16}}]},"35":{"type":"branch","line":252,"loc":{"start":{"line":252,"column":2},"end":{"line":256,"column":3}},"locations":[{"start":{"line":252,"column":2},"end":{"line":256,"column":3}}]},"36":{"type":"branch","line":255,"loc":{"start":{"line":255,"column":31},"end":{"line":255,"column":76}},"locations":[{"start":{"line":255,"column":31},"end":{"line":255,"column":76}}]},"37":{"type":"branch","line":262,"loc":{"start":{"line":262,"column":2},"end":{"line":264,"column":3}},"locations":[{"start":{"line":262,"column":2},"end":{"line":264,"column":3}}]},"38":{"type":"branch","line":270,"loc":{"start":{"line":270,"column":2},"end":{"line":272,"column":3}},"locations":[{"start":{"line":270,"column":2},"end":{"line":272,"column":3}}]},"39":{"type":"branch","line":281,"loc":{"start":{"line":281,"column":2},"end":{"line":287,"column":3}},"locations":[{"start":{"line":281,"column":2},"end":{"line":287,"column":3}}]},"40":{"type":"branch","line":282,"loc":{"start":{"line":282,"column":29},"end":{"line":285,"column":5}},"locations":[{"start":{"line":282,"column":29},"end":{"line":285,"column":5}}]},"41":{"type":"branch","line":295,"loc":{"start":{"line":295,"column":2},"end":{"line":300,"column":3}},"locations":[{"start":{"line":295,"column":2},"end":{"line":300,"column":3}}]},"42":{"type":"branch","line":296,"loc":{"start":{"line":296,"column":31},"end":{"line":298,"column":5}},"locations":[{"start":{"line":296,"column":31},"end":{"line":298,"column":5}}]},"43":{"type":"branch","line":308,"loc":{"start":{"line":308,"column":2},"end":{"line":310,"column":3}},"locations":[{"start":{"line":308,"column":2},"end":{"line":310,"column":3}}]},"44":{"type":"branch","line":316,"loc":{"start":{"line":316,"column":2},"end":{"line":318,"column":3}},"locations":[{"start":{"line":316,"column":2},"end":{"line":318,"column":3}}]},"45":{"type":"branch","line":323,"loc":{"start":{"line":323,"column":2},"end":{"line":325,"column":3}},"locations":[{"start":{"line":323,"column":2},"end":{"line":325,"column":3}}]},"46":{"type":"branch","line":339,"loc":{"start":{"line":339,"column":2},"end":{"line":355,"column":3}},"locations":[{"start":{"line":339,"column":2},"end":{"line":355,"column":3}}]},"47":{"type":"branch","line":345,"loc":{"start":{"line":345,"column":22},"end":{"line":345,"column":49}},"locations":[{"start":{"line":345,"column":22},"end":{"line":345,"column":49}}]},"48":{"type":"branch","line":348,"loc":{"start":{"line":348,"column":28},"end":{"line":352,"column":5}},"locations":[{"start":{"line":348,"column":28},"end":{"line":352,"column":5}}]},"49":{"type":"branch","line":365,"loc":{"start":{"line":365,"column":2},"end":{"line":369,"column":3}},"locations":[{"start":{"line":365,"column":2},"end":{"line":369,"column":3}}]},"50":{"type":"branch","line":377,"loc":{"start":{"line":377,"column":2},"end":{"line":390,"column":3}},"locations":[{"start":{"line":377,"column":2},"end":{"line":390,"column":3}}]},"51":{"type":"branch","line":379,"loc":{"start":{"line":379,"column":28},"end":{"line":381,"column":5}},"locations":[{"start":{"line":379,"column":28},"end":{"line":381,"column":5}}]}},"b":{"0":[1341],"1":[1332],"2":[1172],"3":[1475],"4":[104],"5":[103],"6":[2],"7":[101],"8":[3],"9":[4],"10":[1341],"11":[197],"12":[1144],"13":[1],"14":[1340],"15":[86],"16":[84],"17":[17],"18":[2],"19":[1],"20":[2163],"21":[2149],"22":[831],"23":[1332],"24":[2160],"25":[1012],"26":[1],"27":[1331],"28":[1348],"29":[1356],"30":[484],"31":[794],"32":[149],"33":[1],"34":[148],"35":[133],"36":[142],"37":[139],"38":[136],"39":[256],"40":[255],"41":[4],"42":[3],"43":[260],"44":[140],"45":[132],"46":[3],"47":[2],"48":[2],"49":[131],"50":[3],"51":[3]},"fnMap":{"0":{"name":"<instance_members_initializer>","decl":{"start":{"line":20,"column":20},"end":{"line":391,"column":1}},"loc":{"start":{"line":20,"column":20},"end":{"line":391,"column":1}},"line":20},"1":{"name":"Entity","decl":{"start":{"line":68,"column":2},"end":{"line":71,"column":3}},"loc":{"start":{"line":68,"column":2},"end":{"line":71,"column":3}},"line":68},"2":{"name":"get active","decl":{"start":{"line":77,"column":2},"end":{"line":79,"column":3}},"loc":{"start":{"line":77,"column":2},"end":{"line":79,"column":3}},"line":77},"3":{"name":"set active","decl":{"start":{"line":85,"column":2},"end":{"line":92,"column":3}},"loc":{"start":{"line":85,"column":2},"end":{"line":92,"column":3}},"line":85},"4":{"name":"get name","decl":{"start":{"line":97,"column":2},"end":{"line":99,"column":3}},"loc":{"start":{"line":97,"column":2},"end":{"line":99,"column":3}},"line":97},"5":{"name":"set name","decl":{"start":{"line":104,"column":2},"end":{"line":106,"column":3}},"loc":{"start":{"line":104,"column":2},"end":{"line":106,"column":3}},"line":104},"6":{"name":"add","decl":{"start":{"line":122,"column":2},"end":{"line":154,"column":3}},"loc":{"start":{"line":122,"column":2},"end":{"line":154,"column":3}},"line":122},"7":{"name":"get","decl":{"start":{"line":165,"column":2},"end":{"line":179,"column":3}},"loc":{"start":{"line":165,"column":2},"end":{"line":179,"column":3}},"line":165},"8":{"name":"has","decl":{"start":{"line":187,"column":2},"end":{"line":195,"column":3}},"loc":{"start":{"line":187,"column":2},"end":{"line":195,"column":3}},"line":187},"9":{"name":"hasAll","decl":{"start":{"line":204,"column":2},"end":{"line":206,"column":3}},"loc":{"start":{"line":204,"column":2},"end":{"line":206,"column":3}},"line":204},"10":{"name":"hasAny","decl":{"start":{"line":215,"column":2},"end":{"line":217,"column":3}},"loc":{"start":{"line":215,"column":2},"end":{"line":217,"column":3}},"line":215},"11":{"name":"remove","decl":{"start":{"line":228,"column":2},"end":{"line":246,"column":3}},"loc":{"start":{"line":228,"column":2},"end":{"line":246,"column":3}},"line":228},"12":{"name":"removeAll","decl":{"start":{"line":252,"column":2},"end":{"line":256,"column":3}},"loc":{"start":{"line":252,"column":2},"end":{"line":256,"column":3}},"line":252},"13":{"name":"getComponents","decl":{"start":{"line":262,"column":2},"end":{"line":264,"column":3}},"loc":{"start":{"line":262,"column":2},"end":{"line":264,"column":3}},"line":262},"14":{"name":"getComponentTypes","decl":{"start":{"line":270,"column":2},"end":{"line":272,"column":3}},"loc":{"start":{"line":270,"column":2},"end":{"line":272,"column":3}},"line":270},"15":{"name":"addTag","decl":{"start":{"line":281,"column":2},"end":{"line":287,"column":3}},"loc":{"start":{"line":281,"column":2},"end":{"line":287,"column":3}},"line":281},"16":{"name":"removeTag","decl":{"start":{"line":295,"column":2},"end":{"line":300,"column":3}},"loc":{"start":{"line":295,"column":2},"end":{"line":300,"column":3}},"line":295},"17":{"name":"hasTag","decl":{"start":{"line":308,"column":2},"end":{"line":310,"column":3}},"loc":{"start":{"line":308,"column":2},"end":{"line":310,"column":3}},"line":308},"18":{"name":"getTags","decl":{"start":{"line":316,"column":2},"end":{"line":318,"column":3}},"loc":{"start":{"line":316,"column":2},"end":{"line":318,"column":3}},"line":316},"19":{"name":"clearTags","decl":{"start":{"line":323,"column":2},"end":{"line":325,"column":3}},"loc":{"start":{"line":323,"column":2},"end":{"line":325,"column":3}},"line":323},"20":{"name":"clone","decl":{"start":{"line":339,"column":2},"end":{"line":355,"column":3}},"loc":{"start":{"line":339,"column":2},"end":{"line":355,"column":3}},"line":339},"21":{"name":"destroy","decl":{"start":{"line":365,"column":2},"end":{"line":369,"column":3}},"loc":{"start":{"line":365,"column":2},"end":{"line":369,"column":3}},"line":365},"22":{"name":"toJSON","decl":{"start":{"line":377,"column":2},"end":{"line":390,"column":3}},"loc":{"start":{"line":377,"column":2},"end":{"line":390,"column":3}},"line":377}},"f":{"0":1341,"1":1332,"2":1475,"3":104,"4":3,"5":4,"6":1341,"7":86,"8":2163,"9":1348,"10":484,"11":149,"12":133,"13":139,"14":136,"15":256,"16":4,"17":260,"18":140,"19":132,"20":3,"21":131,"22":3}}
,"/Users/law/Programming/Web/BJSM/packages/ecs/src/ECS/EventBus/EventBus.ts": {"path":"/Users/law/Programming/Web/BJSM/packages/ecs/src/ECS/EventBus/EventBus.ts","all":false,"statementMap":{"53":{"start":{"line":54,"column":0},"end":{"line":54,"column":28}},"54":{"start":{"line":55,"column":0},"end":{"line":55,"column":31}},"55":{"start":{"line":56,"column":0},"end":{"line":56,"column":23}},"58":{"start":{"line":59,"column":0},"end":{"line":59,"column":43}},"59":{"start":{"line":60,"column":0},"end":{"line":60,"column":48}},"60":{"start":{"line":61,"column":0},"end":{"line":61,"column":1}},"70":{"start":{"line":71,"column":0},"end":{"line":71,"column":58}},"71":{"start":{"line":72,"column":0},"end":{"line":72,"column":42}},"72":{"start":{"line":73,"column":0},"end":{"line":73,"column":58}},"73":{"start":{"line":74,"column":0},"end":{"line":74,"column":20}},"74":{"start":{"line":75,"column":0},"end":{"line":75,"column":20}},"75":{"start":{"line":76,"column":0},"end":{"line":76,"column":15}},"76":{"start":{"line":77,"column":0},"end":{"line":77,"column":1}},"108":{"start":{"line":109,"column":0},"end":{"line":109,"column":23}},"113":{"start":{"line":114,"column":0},"end":{"line":114,"column":65}},"119":{"start":{"line":120,"column":0},"end":{"line":120,"column":36}},"125":{"start":{"line":126,"column":0},"end":{"line":126,"column":25}},"131":{"start":{"line":132,"column":0},"end":{"line":132,"column":31}},"137":{"start":{"line":138,"column":0},"end":{"line":138,"column":60}},"153":{"start":{"line":154,"column":0},"end":{"line":154,"column":84}},"159":{"start":{"line":160,"column":0},"end":{"line":160,"column":57}},"164":{"start":{"line":165,"column":0},"end":{"line":165,"column":44}},"170":{"start":{"line":171,"column":0},"end":{"line":171,"column":51}},"175":{"start":{"line":176,"column":0},"end":{"line":176,"column":36}},"180":{"start":{"line":181,"column":0},"end":{"line":181,"column":62}},"186":{"start":{"line":187,"column":0},"end":{"line":187,"column":46}},"187":{"start":{"line":188,"column":0},"end":{"line":188,"column":61}},"188":{"start":{"line":189,"column":0},"end":{"line":189,"column":3}},"195":{"start":{"line":196,"column":0},"end":{"line":196,"column":22}},"196":{"start":{"line":197,"column":0},"end":{"line":197,"column":25}},"197":{"start":{"line":198,"column":0},"end":{"line":198,"column":33}},"198":{"start":{"line":199,"column":0},"end":{"line":199,"column":3}},"204":{"start":{"line":205,"column":0},"end":{"line":205,"column":30}},"205":{"start":{"line":206,"column":0},"end":{"line":206,"column":30}},"206":{"start":{"line":207,"column":0},"end":{"line":207,"column":3}},"211":{"start":{"line":212,"column":0},"end":{"line":212,"column":34}},"212":{"start":{"line":213,"column":0},"end":{"line":213,"column":33}},"213":{"start":{"line":214,"column":0},"end":{"line":214,"column":3}},"219":{"start":{"line":220,"column":0},"end":{"line":220,"column":66}},"220":{"start":{"line":221,"column":0},"end":{"line":221,"column":34}},"221":{"start":{"line":222,"column":0},"end":{"line":222,"column":3}},"232":{"start":{"line":233,"column":0},"end":{"line":233,"column":47}},"234":{"start":{"line":235,"column":0},"end":{"line":235,"column":36}},"237":{"start":{"line":238,"column":0},"end":{"line":238,"column":38}},"238":{"start":{"line":239,"column":0},"end":{"line":239,"column":49}},"239":{"start":{"line":240,"column":0},"end":{"line":240,"column":5}},"243":{"start":{"line":244,"column":0},"end":{"line":244,"column":66}},"244":{"start":{"line":245,"column":0},"end":{"line":245,"column":42}},"245":{"start":{"line":246,"column":0},"end":{"line":246,"column":13}},"246":{"start":{"line":247,"column":0},"end":{"line":247,"column":5}},"249":{"start":{"line":250,"column":0},"end":{"line":250,"column":45}},"252":{"start":{"line":253,"column":0},"end":{"line":253,"column":28}},"253":{"start":{"line":254,"column":0},"end":{"line":254,"column":34}},"254":{"start":{"line":255,"column":0},"end":{"line":255,"column":13}},"255":{"start":{"line":256,"column":0},"end":{"line":256,"column":5}},"258":{"start":{"line":259,"column":0},"end":{"line":259,"column":29}},"259":{"start":{"line":260,"column":0},"end":{"line":260,"column":24}},"260":{"start":{"line":261,"column":0},"end":{"line":261,"column":3}},"269":{"start":{"line":270,"column":0},"end":{"line":270,"column":57}},"270":{"start":{"line":271,"column":0},"end":{"line":271,"column":39}},"273":{"start":{"line":274,"column":0},"end":{"line":274,"column":36}},"274":{"start":{"line":275,"column":0},"end":{"line":275,"column":39}},"276":{"start":{"line":277,"column":0},"end":{"line":277,"column":38}},"278":{"start":{"line":279,"column":0},"end":{"line":279,"column":40}},"279":{"start":{"line":280,"column":0},"end":{"line":280,"column":19}},"280":{"start":{"line":281,"column":0},"end":{"line":281,"column":107}},"282":{"start":{"line":283,"column":0},"end":{"line":283,"column":8}},"283":{"start":{"line":284,"column":0},"end":{"line":284,"column":5}},"285":{"start":{"line":286,"column":0},"end":{"line":286,"column":34}},"286":{"start":{"line":287,"column":0},"end":{"line":287,"column":3}},"297":{"start":{"line":298,"column":0},"end":{"line":298,"column":54}},"298":{"start":{"line":299,"column":0},"end":{"line":299,"column":42}},"300":{"start":{"line":301,"column":0},"end":{"line":301,"column":71}},"301":{"start":{"line":302,"column":0},"end":{"line":302,"column":31}},"302":{"start":{"line":303,"column":0},"end":{"line":303,"column":5}},"304":{"start":{"line":305,"column":0},"end":{"line":305,"column":27}},"305":{"start":{"line":306,"column":0},"end":{"line":306,"column":44}},"306":{"start":{"line":307,"column":0},"end":{"line":307,"column":5}},"307":{"start":{"line":308,"column":0},"end":{"line":308,"column":26}},"308":{"start":{"line":309,"column":0},"end":{"line":309,"column":3}},"317":{"start":{"line":318,"column":0},"end":{"line":318,"column":48}},"318":{"start":{"line":319,"column":0},"end":{"line":319,"column":46}},"319":{"start":{"line":320,"column":0},"end":{"line":320,"column":20}},"320":{"start":{"line":321,"column":0},"end":{"line":321,"column":5}},"321":{"start":{"line":322,"column":0},"end":{"line":322,"column":9}},"323":{"start":{"line":324,"column":0},"end":{"line":324,"column":33}},"324":{"start":{"line":325,"column":0},"end":{"line":325,"column":51}},"326":{"start":{"line":327,"column":0},"end":{"line":327,"column":58}},"327":{"start":{"line":328,"column":0},"end":{"line":328,"column":32}},"328":{"start":{"line":329,"column":0},"end":{"line":329,"column":56}},"329":{"start":{"line":330,"column":0},"end":{"line":330,"column":11}},"330":{"start":{"line":331,"column":0},"end":{"line":331,"column":26}},"331":{"start":{"line":332,"column":0},"end":{"line":332,"column":9}},"333":{"start":{"line":334,"column":0},"end":{"line":334,"column":58}},"335":{"start":{"line":336,"column":0},"end":{"line":336,"column":96}},"336":{"start":{"line":337,"column":0},"end":{"line":337,"column":27}},"337":{"start":{"line":338,"column":0},"end":{"line":338,"column":9}},"338":{"start":{"line":339,"column":0},"end":{"line":339,"column":21}},"339":{"start":{"line":340,"column":0},"end":{"line":340,"column":9}},"340":{"start":{"line":341,"column":0},"end":{"line":341,"column":13}},"341":{"start":{"line":342,"column":0},"end":{"line":342,"column":58}},"342":{"start":{"line":343,"column":0},"end":{"line":343,"column":5}},"343":{"start":{"line":344,"column":0},"end":{"line":344,"column":3}},"354":{"start":{"line":355,"column":0},"end":{"line":355,"column":56}},"356":{"start":{"line":357,"column":0},"end":{"line":357,"column":44}},"357":{"start":{"line":358,"column":0},"end":{"line":358,"column":42}},"358":{"start":{"line":359,"column":0},"end":{"line":359,"column":13}},"359":{"start":{"line":360,"column":0},"end":{"line":360,"column":5}},"360":{"start":{"line":361,"column":0},"end":{"line":361,"column":45}},"361":{"start":{"line":362,"column":0},"end":{"line":362,"column":29}},"362":{"start":{"line":363,"column":0},"end":{"line":363,"column":3}},"381":{"start":{"line":382,"column":0},"end":{"line":382,"column":72}},"383":{"start":{"line":384,"column":0},"end":{"line":384,"column":23}},"384":{"start":{"line":385,"column":0},"end":{"line":385,"column":43}},"385":{"start":{"line":386,"column":0},"end":{"line":386,"column":59}},"386":{"start":{"line":387,"column":0},"end":{"line":387,"column":5}},"389":{"start":{"line":390,"column":0},"end":{"line":390,"column":36}},"390":{"start":{"line":391,"column":0},"end":{"line":391,"column":42}},"391":{"start":{"line":392,"column":0},"end":{"line":392,"column":5}},"393":{"start":{"line":394,"column":0},"end":{"line":394,"column":48}},"394":{"start":{"line":395,"column":0},"end":{"line":395,"column":28}},"397":{"start":{"line":398,"column":0},"end":{"line":398,"column":18}},"398":{"start":{"line":399,"column":0},"end":{"line":399,"column":33}},"400":{"start":{"line":401,"column":0},"end":{"line":401,"column":33}},"401":{"start":{"line":402,"column":0},"end":{"line":402,"column":36}},"402":{"start":{"line":403,"column":0},"end":{"line":403,"column":7}},"403":{"start":{"line":404,"column":0},"end":{"line":404,"column":6}},"404":{"start":{"line":405,"column":0},"end":{"line":405,"column":3}},"430":{"start":{"line":431,"column":0},"end":{"line":431,"column":69}},"431":{"start":{"line":432,"column":0},"end":{"line":432,"column":17}},"432":{"start":{"line":433,"column":0},"end":{"line":433,"column":21}},"433":{"start":{"line":434,"column":0},"end":{"line":434,"column":31}},"434":{"start":{"line":435,"column":0},"end":{"line":435,"column":20}},"435":{"start":{"line":436,"column":0},"end":{"line":436,"column":48}},"437":{"start":{"line":438,"column":0},"end":{"line":438,"column":50}},"438":{"start":{"line":439,"column":0},"end":{"line":439,"column":20}},"439":{"start":{"line":440,"column":0},"end":{"line":440,"column":27}},"440":{"start":{"line":441,"column":0},"end":{"line":441,"column":47}},"441":{"start":{"line":442,"column":0},"end":{"line":442,"column":5}},"442":{"start":{"line":443,"column":0},"end":{"line":443,"column":43}},"443":{"start":{"line":444,"column":0},"end":{"line":444,"column":21}},"444":{"start":{"line":445,"column":0},"end":{"line":445,"column":28}},"445":{"start":{"line":446,"column":0},"end":{"line":446,"column":40}},"446":{"start":{"line":447,"column":0},"end":{"line":447,"column":5}},"447":{"start":{"line":448,"column":0},"end":{"line":448,"column":45}},"449":{"start":{"line":450,"column":0},"end":{"line":450,"column":18}},"450":{"start":{"line":451,"column":0},"end":{"line":451,"column":51}},"451":{"start":{"line":452,"column":0},"end":{"line":452,"column":32}},"452":{"start":{"line":453,"column":0},"end":{"line":453,"column":53}},"455":{"start":{"line":456,"column":0},"end":{"line":456,"column":36}},"456":{"start":{"line":457,"column":0},"end":{"line":457,"column":35}},"457":{"start":{"line":458,"column":0},"end":{"line":458,"column":68}},"458":{"start":{"line":459,"column":0},"end":{"line":459,"column":7}},"459":{"start":{"line":460,"column":0},"end":{"line":460,"column":6}},"460":{"start":{"line":461,"column":0},"end":{"line":461,"column":3}},"470":{"start":{"line":471,"column":0},"end":{"line":471,"column":74}},"471":{"start":{"line":472,"column":0},"end":{"line":472,"column":52}},"472":{"start":{"line":473,"column":0},"end":{"line":473,"column":63}},"473":{"start":{"line":474,"column":0},"end":{"line":474,"column":21}},"474":{"start":{"line":475,"column":0},"end":{"line":475,"column":7}},"475":{"start":{"line":476,"column":0},"end":{"line":476,"column":23}},"476":{"start":{"line":477,"column":0},"end":{"line":477,"column":3}},"487":{"start":{"line":488,"column":0},"end":{"line":488,"column":53}},"488":{"start":{"line":489,"column":0},"end":{"line":489,"column":23}},"489":{"start":{"line":490,"column":0},"end":{"line":490,"column":21}},"490":{"start":{"line":491,"column":0},"end":{"line":491,"column":48}},"491":{"start":{"line":492,"column":0},"end":{"line":492,"column":14}},"492":{"start":{"line":493,"column":0},"end":{"line":493,"column":39}},"493":{"start":{"line":494,"column":0},"end":{"line":494,"column":7}},"494":{"start":{"line":495,"column":0},"end":{"line":495,"column":13}},"495":{"start":{"line":496,"column":0},"end":{"line":496,"column":5}},"498":{"start":{"line":499,"column":0},"end":{"line":499,"column":20}},"499":{"start":{"line":500,"column":0},"end":{"line":500,"column":34}},"500":{"start":{"line":501,"column":0},"end":{"line":501,"column":13}},"501":{"start":{"line":502,"column":0},"end":{"line":502,"column":5}},"504":{"start":{"line":505,"column":0},"end":{"line":505,"column":47}},"505":{"start":{"line":506,"column":0},"end":{"line":506,"column":20}},"506":{"start":{"line":507,"column":0},"end":{"line":507,"column":33}},"507":{"start":{"line":508,"column":0},"end":{"line":508,"column":33}},"508":{"start":{"line":509,"column":0},"end":{"line":509,"column":36}},"509":{"start":{"line":510,"column":0},"end":{"line":510,"column":7}},"510":{"start":{"line":511,"column":0},"end":{"line":511,"column":5}},"511":{"start":{"line":512,"column":0},"end":{"line":512,"column":3}},"517":{"start":{"line":518,"column":0},"end":{"line":518,"column":17}},"518":{"start":{"line":519,"column":0},"end":{"line":519,"column":27}},"519":{"start":{"line":520,"column":0},"end":{"line":520,"column":35}},"520":{"start":{"line":521,"column":0},"end":{"line":521,"column":33}},"521":{"start":{"line":522,"column":0},"end":{"line":522,"column":31}},"522":{"start":{"line":523,"column":0},"end":{"line":523,"column":24}},"523":{"start":{"line":524,"column":0},"end":{"line":524,"column":30}},"524":{"start":{"line":525,"column":0},"end":{"line":525,"column":31}},"525":{"start":{"line":526,"column":0},"end":{"line":526,"column":33}},"526":{"start":{"line":527,"column":0},"end":{"line":527,"column":3}},"534":{"start":{"line":535,"column":0},"end":{"line":535,"column":39}},"535":{"start":{"line":536,"column":0},"end":{"line":536,"column":71}},"536":{"start":{"line":537,"column":0},"end":{"line":537,"column":3}},"544":{"start":{"line":545,"column":0},"end":{"line":545,"column":43}},"545":{"start":{"line":546,"column":0},"end":{"line":546,"column":16}},"547":{"start":{"line":548,"column":0},"end":{"line":548,"column":46}},"548":{"start":{"line":549,"column":0},"end":{"line":549,"column":43}},"549":{"start":{"line":550,"column":0},"end":{"line":550,"column":32}},"550":{"start":{"line":551,"column":0},"end":{"line":551,"column":9}},"551":{"start":{"line":552,"column":0},"end":{"line":552,"column":19}},"552":{"start":{"line":553,"column":0},"end":{"line":553,"column":5}},"555":{"start":{"line":556,"column":0},"end":{"line":556,"column":47}},"556":{"start":{"line":557,"column":0},"end":{"line":557,"column":64}},"557":{"start":{"line":558,"column":0},"end":{"line":558,"column":3}},"566":{"start":{"line":567,"column":0},"end":{"line":567,"column":61}},"567":{"start":{"line":568,"column":0},"end":{"line":568,"column":47}},"568":{"start":{"line":569,"column":0},"end":{"line":569,"column":20}},"569":{"start":{"line":570,"column":0},"end":{"line":570,"column":37}},"570":{"start":{"line":571,"column":0},"end":{"line":571,"column":13}},"571":{"start":{"line":572,"column":0},"end":{"line":572,"column":25}},"572":{"start":{"line":573,"column":0},"end":{"line":573,"column":25}},"573":{"start":{"line":574,"column":0},"end":{"line":574,"column":73}},"574":{"start":{"line":575,"column":0},"end":{"line":575,"column":9}},"575":{"start":{"line":576,"column":0},"end":{"line":576,"column":9}},"576":{"start":{"line":577,"column":0},"end":{"line":577,"column":5}},"577":{"start":{"line":578,"column":0},"end":{"line":578,"column":42}},"578":{"start":{"line":579,"column":0},"end":{"line":579,"column":3}},"585":{"start":{"line":586,"column":0},"end":{"line":586,"column":45}},"587":{"start":{"line":588,"column":0},"end":{"line":588,"column":53}},"588":{"start":{"line":589,"column":0},"end":{"line":589,"column":20}},"589":{"start":{"line":590,"column":0},"end":{"line":590,"column":37}},"590":{"start":{"line":591,"column":0},"end":{"line":591,"column":13}},"591":{"start":{"line":592,"column":0},"end":{"line":592,"column":31}},"592":{"start":{"line":593,"column":0},"end":{"line":593,"column":25}},"593":{"start":{"line":594,"column":0},"end":{"line":594,"column":79}},"594":{"start":{"line":595,"column":0},"end":{"line":595,"column":9}},"595":{"start":{"line":596,"column":0},"end":{"line":596,"column":9}},"596":{"start":{"line":597,"column":0},"end":{"line":597,"column":5}},"598":{"start":{"line":599,"column":0},"end":{"line":599,"column":54}},"601":{"start":{"line":602,"column":0},"end":{"line":602,"column":48}},"602":{"start":{"line":603,"column":0},"end":{"line":603,"column":11}},"603":{"start":{"line":604,"column":0},"end":{"line":604,"column":24}},"604":{"start":{"line":605,"column":0},"end":{"line":605,"column":23}},"605":{"start":{"line":606,"column":0},"end":{"line":606,"column":86}},"606":{"start":{"line":607,"column":0},"end":{"line":607,"column":7}},"607":{"start":{"line":608,"column":0},"end":{"line":608,"column":7}},"608":{"start":{"line":609,"column":0},"end":{"line":609,"column":3}},"615":{"start":{"line":616,"column":0},"end":{"line":616,"column":63}},"616":{"start":{"line":617,"column":0},"end":{"line":617,"column":52}},"617":{"start":{"line":618,"column":0},"end":{"line":618,"column":26}},"618":{"start":{"line":619,"column":0},"end":{"line":619,"column":36}},"619":{"start":{"line":620,"column":0},"end":{"line":620,"column":60}},"620":{"start":{"line":621,"column":0},"end":{"line":621,"column":44}},"621":{"start":{"line":622,"column":0},"end":{"line":622,"column":26}},"622":{"start":{"line":623,"column":0},"end":{"line":623,"column":34}},"623":{"start":{"line":624,"column":0},"end":{"line":624,"column":11}},"624":{"start":{"line":625,"column":0},"end":{"line":625,"column":23}},"625":{"start":{"line":626,"column":0},"end":{"line":626,"column":23}},"626":{"start":{"line":627,"column":0},"end":{"line":627,"column":78}},"627":{"start":{"line":628,"column":0},"end":{"line":628,"column":7}},"628":{"start":{"line":629,"column":0},"end":{"line":629,"column":7}},"629":{"start":{"line":630,"column":0},"end":{"line":630,"column":3}},"637":{"start":{"line":638,"column":0},"end":{"line":638,"column":32}},"638":{"start":{"line":639,"column":0},"end":{"line":639,"column":60}},"639":{"start":{"line":640,"column":0},"end":{"line":640,"column":13}},"640":{"start":{"line":641,"column":0},"end":{"line":641,"column":5}},"642":{"start":{"line":643,"column":0},"end":{"line":643,"column":29}},"646":{"start":{"line":647,"column":0},"end":{"line":647,"column":54}},"647":{"start":{"line":648,"column":0},"end":{"line":648,"column":55}},"648":{"start":{"line":649,"column":0},"end":{"line":649,"column":31}},"649":{"start":{"line":650,"column":0},"end":{"line":650,"column":5}},"652":{"start":{"line":653,"column":0},"end":{"line":653,"column":31}},"653":{"start":{"line":654,"column":0},"end":{"line":654,"column":24}},"654":{"start":{"line":655,"column":0},"end":{"line":655,"column":30}},"655":{"start":{"line":656,"column":0},"end":{"line":656,"column":3}},"656":{"start":{"line":657,"column":0},"end":{"line":657,"column":1}}},"s":{"53":1,"54":1,"55":1,"58":1,"59":6400,"60":6400,"70":4622,"71":4622,"72":4622,"73":4622,"74":4622,"75":4622,"76":4622,"108":1,"113":405,"119":405,"125":405,"131":405,"137":405,"153":405,"159":405,"164":405,"170":405,"175":405,"180":405,"186":405,"187":405,"188":405,"195":405,"196":43,"197":43,"198":43,"204":405,"205":9,"206":9,"211":405,"212":2,"213":2,"219":405,"220":179,"221":179,"232":405,"234":4920,"237":4920,"238":3852,"239":3852,"243":4920,"244":300,"245":300,"246":300,"249":4620,"252":4809,"253":0,"254":0,"255":0,"258":4620,"259":4620,"260":4920,"269":405,"270":4920,"273":12,"274":4920,"276":10,"278":855,"279":1,"280":1,"282":1,"283":1,"285":10,"286":4920,"297":405,"298":32,"300":32,"301":19,"302":19,"304":32,"305":11,"306":11,"307":13,"308":32,"317":405,"318":32,"319":4,"320":4,"321":28,"323":28,"324":28,"326":54,"327":30,"328":2,"329":2,"330":28,"331":28,"333":54,"335":54,"336":26,"337":26,"338":24,"339":28,"340":32,"341":2,"342":2,"343":32,"354":405,"356":4,"357":2,"358":2,"359":2,"360":2,"361":2,"362":4,"381":405,"383":1573,"384":212,"385":212,"386":212,"389":1382,"390":1345,"391":1345,"393":1361,"394":1361,"397":1361,"398":126,"400":126,"401":121,"402":121,"403":126,"404":1573,"430":405,"431":10,"432":10,"433":10,"434":10,"435":10,"437":9,"438":10,"439":7,"440":7,"441":7,"442":9,"443":10,"444":8,"445":8,"446":8,"447":9,"449":9,"450":2,"451":2,"452":1,"455":1,"456":1,"457":1,"458":1,"459":2,"460":10,"470":405,"471":7,"472":5,"473":5,"474":7,"475":7,"476":7,"487":405,"488":9,"489":2,"490":1,"491":1,"492":1,"493":1,"494":2,"495":2,"498":9,"499":1,"500":1,"501":1,"504":6,"505":9,"506":5,"507":5,"508":2,"509":2,"510":5,"511":9,"517":405,"518":76,"519":76,"520":76,"521":76,"522":76,"523":76,"524":76,"525":76,"526":76,"534":405,"535":9,"536":9,"544":405,"545":18,"547":6,"548":6,"549":2,"550":6,"551":6,"552":6,"555":12,"556":18,"557":18,"566":405,"567":302,"568":302,"569":162,"570":170,"571":170,"572":170,"573":1,"574":1,"575":162,"576":162,"577":302,"578":302,"585":405,"587":4622,"588":4622,"589":64,"590":65,"591":65,"592":65,"593":1,"594":1,"595":64,"596":64,"598":4622,"601":4622,"602":4624,"603":4624,"604":4624,"605":3,"606":3,"607":4622,"608":4622,"615":405,"616":4924,"617":4924,"618":859,"619":4924,"620":9,"621":9,"622":5,"623":6,"624":6,"625":6,"626":0,"627":0,"628":5,"629":4924,"637":405,"638":4620,"639":4620,"640":4620,"642":0,"646":0,"647":0,"648":0,"649":0,"652":0,"653":0,"654":0,"655":4620,"656":405},"branchMap":{"0":{"type":"branch","line":59,"loc":{"start":{"line":59,"column":42},"end":{"line":61,"column":1}},"locations":[{"start":{"line":59,"column":42},"end":{"line":61,"column":1}}]},"1":{"type":"branch","line":71,"loc":{"start":{"line":71,"column":0},"end":{"line":77,"column":1}},"locations":[{"start":{"line":71,"column":0},"end":{"line":77,"column":1}}]},"2":{"type":"branch","line":109,"loc":{"start":{"line":109,"column":22},"end":{"line":657,"column":1}},"locations":[{"start":{"line":109,"column":22},"end":{"line":657,"column":1}}]},"3":{"type":"branch","line":187,"loc":{"start":{"line":187,"column":2},"end":{"line":189,"column":3}},"locations":[{"start":{"line":187,"column":2},"end":{"line":189,"column":3}}]},"4":{"type":"branch","line":188,"loc":{"start":{"line":188,"column":36},"end":{"line":188,"column":61}},"locations":[{"start":{"line":188,"column":36},"end":{"line":188,"column":61}}]},"5":{"type":"branch","line":196,"loc":{"start":{"line":196,"column":2},"end":{"line":199,"column":3}},"locations":[{"start":{"line":196,"column":2},"end":{"line":199,"column":3}}]},"6":{"type":"branch","line":205,"loc":{"start":{"line":205,"column":2},"end":{"line":207,"column":3}},"locations":[{"start":{"line":205,"column":2},"end":{"line":207,"column":3}}]},"7":{"type":"branch","line":212,"loc":{"start":{"line":212,"column":2},"end":{"line":214,"column":3}},"locations":[{"start":{"line":212,"column":2},"end":{"line":214,"column":3}}]},"8":{"type":"branch","line":220,"loc":{"start":{"line":220,"column":2},"end":{"line":222,"column":3}},"locations":[{"start":{"line":220,"column":2},"end":{"line":222,"column":3}}]},"9":{"type":"branch","line":233,"loc":{"start":{"line":233,"column":2},"end":{"line":261,"column":3}},"locations":[{"start":{"line":233,"column":2},"end":{"line":261,"column":3}}]},"10":{"type":"branch","line":238,"loc":{"start":{"line":238,"column":37},"end":{"line":240,"column":5}},"locations":[{"start":{"line":238,"column":37},"end":{"line":240,"column":5}}]},"11":{"type":"branch","line":244,"loc":{"start":{"line":244,"column":40},"end":{"line":244,"column":65}},"locations":[{"start":{"line":244,"column":40},"end":{"line":244,"column":65}}]},"12":{"type":"branch","line":244,"loc":{"start":{"line":244,"column":65},"end":{"line":247,"column":5}},"locations":[{"start":{"line":244,"column":65},"end":{"line":247,"column":5}}]},"13":{"type":"branch","line":247,"loc":{"start":{"line":247,"column":4},"end":{"line":260,"column":24}},"locations":[{"start":{"line":247,"column":4},"end":{"line":260,"column":24}}]},"14":{"type":"branch","line":247,"loc":{"start":{"line":247,"column":4},"end":{"line":253,"column":27}},"locations":[{"start":{"line":247,"column":4},"end":{"line":253,"column":27}}]},"15":{"type":"branch","line":253,"loc":{"start":{"line":253,"column":27},"end":{"line":256,"column":5}},"locations":[{"start":{"line":253,"column":27},"end":{"line":256,"column":5}}]},"16":{"type":"branch","line":256,"loc":{"start":{"line":256,"column":4},"end":{"line":260,"column":24}},"locations":[{"start":{"line":256,"column":4},"end":{"line":260,"column":24}}]},"17":{"type":"branch","line":270,"loc":{"start":{"line":270,"column":10},"end":{"line":287,"column":3}},"locations":[{"start":{"line":270,"column":10},"end":{"line":287,"column":3}}]},"18":{"type":"branch","line":271,"loc":{"start":{"line":271,"column":32},"end":{"line":271,"column":39}},"locations":[{"start":{"line":271,"column":32},"end":{"line":271,"column":39}}]},"19":{"type":"branch","line":271,"loc":{"start":{"line":271,"column":32},"end":{"line":274,"column":36}},"locations":[{"start":{"line":271,"column":32},"end":{"line":274,"column":36}}]},"20":{"type":"branch","line":275,"loc":{"start":{"line":275,"column":32},"end":{"line":286,"column":34}},"locations":[{"start":{"line":275,"column":32},"end":{"line":286,"column":34}}]},"21":{"type":"branch","line":275,"loc":{"start":{"line":275,"column":32},"end":{"line":275,"column":39}},"locations":[{"start":{"line":275,"column":32},"end":{"line":275,"column":39}}]},"22":{"type":"branch","line":275,"loc":{"start":{"line":275,"column":32},"end":{"line":279,"column":39}},"locations":[{"start":{"line":275,"column":32},"end":{"line":279,"column":39}}]},"23":{"type":"branch","line":279,"loc":{"start":{"line":279,"column":39},"end":{"line":284,"column":5}},"locations":[{"start":{"line":279,"column":39},"end":{"line":284,"column":5}}]},"24":{"type":"branch","line":284,"loc":{"start":{"line":284,"column":4},"end":{"line":286,"column":34}},"locations":[{"start":{"line":284,"column":4},"end":{"line":286,"column":34}}]},"25":{"type":"branch","line":298,"loc":{"start":{"line":298,"column":2},"end":{"line":309,"column":3}},"locations":[{"start":{"line":298,"column":2},"end":{"line":309,"column":3}}]},"26":{"type":"branch","line":301,"loc":{"start":{"line":301,"column":20},"end":{"line":301,"column":70}},"locations":[{"start":{"line":301,"column":20},"end":{"line":301,"column":70}}]},"27":{"type":"branch","line":301,"loc":{"start":{"line":301,"column":70},"end":{"line":303,"column":5}},"locations":[{"start":{"line":301,"column":70},"end":{"line":303,"column":5}}]},"28":{"type":"branch","line":303,"loc":{"start":{"line":303,"column":4},"end":{"line":305,"column":26}},"locations":[{"start":{"line":303,"column":4},"end":{"line":305,"column":26}}]},"29":{"type":"branch","line":305,"loc":{"start":{"line":305,"column":26},"end":{"line":307,"column":5}},"locations":[{"start":{"line":305,"column":26},"end":{"line":307,"column":5}}]},"30":{"type":"branch","line":307,"loc":{"start":{"line":307,"column":4},"end":{"line":308,"column":26}},"locations":[{"start":{"line":307,"column":4},"end":{"line":308,"column":26}}]},"31":{"type":"branch","line":318,"loc":{"start":{"line":318,"column":10},"end":{"line":344,"column":3}},"locations":[{"start":{"line":318,"column":10},"end":{"line":344,"column":3}}]},"32":{"type":"branch","line":319,"loc":{"start":{"line":319,"column":17},"end":{"line":319,"column":45}},"locations":[{"start":{"line":319,"column":17},"end":{"line":319,"column":45}}]},"33":{"type":"branch","line":319,"loc":{"start":{"line":319,"column":45},"end":{"line":321,"column":5}},"locations":[{"start":{"line":319,"column":45},"end":{"line":321,"column":5}}]},"34":{"type":"branch","line":321,"loc":{"start":{"line":321,"column":4},"end":{"line":341,"column":12}},"locations":[{"start":{"line":321,"column":4},"end":{"line":341,"column":12}}]},"35":{"type":"branch","line":341,"loc":{"start":{"line":341,"column":4},"end":{"line":343,"column":5}},"locations":[{"start":{"line":341,"column":4},"end":{"line":343,"column":5}}]},"36":{"type":"branch","line":325,"loc":{"start":{"line":325,"column":34},"end":{"line":340,"column":7}},"locations":[{"start":{"line":325,"column":34},"end":{"line":340,"column":7}}]},"37":{"type":"branch","line":327,"loc":{"start":{"line":327,"column":29},"end":{"line":327,"column":57}},"locations":[{"start":{"line":327,"column":29},"end":{"line":327,"column":57}}]},"38":{"type":"branch","line":327,"loc":{"start":{"line":327,"column":57},"end":{"line":332,"column":9}},"locations":[{"start":{"line":327,"column":57},"end":{"line":332,"column":9}}]},"39":{"type":"branch","line":328,"loc":{"start":{"line":328,"column":31},"end":{"line":330,"column":11}},"locations":[{"start":{"line":328,"column":31},"end":{"line":330,"column":11}}]},"40":{"type":"branch","line":330,"loc":{"start":{"line":330,"column":10},"end":{"line":332,"column":9}},"locations":[{"start":{"line":330,"column":10},"end":{"line":332,"column":9}}]},"41":{"type":"branch","line":332,"loc":{"start":{"line":332,"column":8},"end":{"line":334,"column":48}},"locations":[{"start":{"line":332,"column":8},"end":{"line":334,"column":48}}]},"42":{"type":"branch","line":334,"loc":{"start":{"line":334,"column":41},"end":{"line":334,"column":58}},"locations":[{"start":{"line":334,"column":41},"end":{"line":334,"column":58}}]},"43":{"type":"branch","line":334,"loc":{"start":{"line":334,"column":48},"end":{"line":336,"column":40}},"locations":[{"start":{"line":334,"column":48},"end":{"line":336,"column":40}}]},"44":{"type":"branch","line":336,"loc":{"start":{"line":336,"column":32},"end":{"line":336,"column":95}},"locations":[{"start":{"line":336,"column":32},"end":{"line":336,"column":95}}]},"45":{"type":"branch","line":336,"loc":{"start":{"line":336,"column":95},"end":{"line":338,"column":9}},"locations":[{"start":{"line":336,"column":95},"end":{"line":338,"column":9}}]},"46":{"type":"branch","line":338,"loc":{"start":{"line":338,"column":8},"end":{"line":339,"column":21}},"locations":[{"start":{"line":338,"column":8},"end":{"line":339,"column":21}}]},"47":{"type":"branch","line":355,"loc":{"start":{"line":355,"column":2},"end":{"line":363,"column":3}},"locations":[{"start":{"line":355,"column":2},"end":{"line":363,"column":3}}]},"48":{"type":"branch","line":357,"loc":{"start":{"line":357,"column":43},"end":{"line":362,"column":29}},"locations":[{"start":{"line":357,"column":43},"end":{"line":362,"column":29}}]},"49":{"type":"branch","line":382,"loc":{"start":{"line":382,"column":2},"end":{"line":405,"column":3}},"locations":[{"start":{"line":382,"column":2},"end":{"line":405,"column":3}}]},"50":{"type":"branch","line":384,"loc":{"start":{"line":384,"column":22},"end":{"line":387,"column":5}},"locations":[{"start":{"line":384,"column":22},"end":{"line":387,"column":5}}]},"51":{"type":"branch","line":387,"loc":{"start":{"line":387,"column":4},"end":{"line":404,"column":6}},"locations":[{"start":{"line":387,"column":4},"end":{"line":404,"column":6}}]},"52":{"type":"branch","line":387,"loc":{"start":{"line":387,"column":4},"end":{"line":390,"column":35}},"locations":[{"start":{"line":387,"column":4},"end":{"line":390,"column":35}}]},"53":{"type":"branch","line":390,"loc":{"start":{"line":390,"column":35},"end":{"line":392,"column":5}},"locations":[{"start":{"line":390,"column":35},"end":{"line":392,"column":5}}]},"54":{"type":"branch","line":392,"loc":{"start":{"line":392,"column":4},"end":{"line":404,"column":6}},"locations":[{"start":{"line":392,"column":4},"end":{"line":404,"column":6}}]},"55":{"type":"branch","line":386,"loc":{"start":{"line":386,"column":13},"end":{"line":386,"column":59}},"locations":[{"start":{"line":386,"column":13},"end":{"line":386,"column":59}}]},"56":{"type":"branch","line":398,"loc":{"start":{"line":398,"column":11},"end":{"line":404,"column":6}},"locations":[{"start":{"line":398,"column":11},"end":{"line":404,"column":6}}]},"57":{"type":"branch","line":401,"loc":{"start":{"line":401,"column":32},"end":{"line":403,"column":7}},"locations":[{"start":{"line":401,"column":32},"end":{"line":403,"column":7}}]},"58":{"type":"branch","line":431,"loc":{"start":{"line":431,"column":2},"end":{"line":461,"column":3}},"locations":[{"start":{"line":431,"column":2},"end":{"line":461,"column":3}}]},"59":{"type":"branch","line":436,"loc":{"start":{"line":436,"column":19},"end":{"line":436,"column":48}},"locations":[{"start":{"line":436,"column":19},"end":{"line":436,"column":48}}]},"60":{"type":"branch","line":436,"loc":{"start":{"line":436,"column":46},"end":{"line":439,"column":19}},"locations":[{"start":{"line":436,"column":46},"end":{"line":439,"column":19}}]},"61":{"type":"branch","line":439,"loc":{"start":{"line":439,"column":19},"end":{"line":442,"column":5}},"locations":[{"start":{"line":439,"column":19},"end":{"line":442,"column":5}}]},"62":{"type":"branch","line":442,"loc":{"start":{"line":442,"column":4},"end":{"line":444,"column":20}},"locations":[{"start":{"line":442,"column":4},"end":{"line":444,"column":20}}]},"63":{"type":"branch","line":444,"loc":{"start":{"line":444,"column":20},"end":{"line":447,"column":5}},"locations":[{"start":{"line":444,"column":20},"end":{"line":447,"column":5}}]},"64":{"type":"branch","line":447,"loc":{"start":{"line":447,"column":4},"end":{"line":460,"column":6}},"locations":[{"start":{"line":447,"column":4},"end":{"line":460,"column":6}}]},"65":{"type":"branch","line":436,"loc":{"start":{"line":436,"column":26},"end":{"line":436,"column":48}},"locations":[{"start":{"line":436,"column":26},"end":{"line":436,"column":48}}]},"66":{"type":"branch","line":450,"loc":{"start":{"line":450,"column":11},"end":{"line":460,"column":6}},"locations":[{"start":{"line":450,"column":11},"end":{"line":460,"column":6}}]},"67":{"type":"branch","line":452,"loc":{"start":{"line":452,"column":25},"end":{"line":459,"column":7}},"locations":[{"start":{"line":452,"column":25},"end":{"line":459,"column":7}}]},"68":{"type":"branch","line":471,"loc":{"start":{"line":471,"column":2},"end":{"line":477,"column":3}},"locations":[{"start":{"line":471,"column":2},"end":{"line":477,"column":3}}]},"69":{"type":"branch","line":472,"loc":{"start":{"line":472,"column":38},"end":{"line":475,"column":5}},"locations":[{"start":{"line":472,"column":38},"end":{"line":475,"column":5}}]},"70":{"type":"branch","line":488,"loc":{"start":{"line":488,"column":2},"end":{"line":512,"column":3}},"locations":[{"start":{"line":488,"column":2},"end":{"line":512,"column":3}}]},"71":{"type":"branch","line":489,"loc":{"start":{"line":489,"column":22},"end":{"line":496,"column":5}},"locations":[{"start":{"line":489,"column":22},"end":{"line":496,"column":5}}]},"72":{"type":"branch","line":490,"loc":{"start":{"line":490,"column":20},"end":{"line":494,"column":7}},"locations":[{"start":{"line":490,"column":20},"end":{"line":494,"column":7}}]},"73":{"type":"branch","line":496,"loc":{"start":{"line":496,"column":4},"end":{"line":499,"column":19}},"locations":[{"start":{"line":496,"column":4},"end":{"line":499,"column":19}}]},"74":{"type":"branch","line":499,"loc":{"start":{"line":499,"column":19},"end":{"line":502,"column":5}},"locations":[{"start":{"line":499,"column":19},"end":{"line":502,"column":5}}]},"75":{"type":"branch","line":502,"loc":{"start":{"line":502,"column":4},"end":{"line":506,"column":19}},"locations":[{"start":{"line":502,"column":4},"end":{"line":506,"column":19}}]},"76":{"type":"branch","line":506,"loc":{"start":{"line":506,"column":19},"end":{"line":511,"column":5}},"locations":[{"start":{"line":506,"column":19},"end":{"line":511,"column":5}}]},"77":{"type":"branch","line":508,"loc":{"start":{"line":508,"column":32},"end":{"line":510,"column":7}},"locations":[{"start":{"line":508,"column":32},"end":{"line":510,"column":7}}]},"78":{"type":"branch","line":518,"loc":{"start":{"line":518,"column":2},"end":{"line":527,"column":3}},"locations":[{"start":{"line":518,"column":2},"end":{"line":527,"column":3}}]},"79":{"type":"branch","line":535,"loc":{"start":{"line":535,"column":2},"end":{"line":537,"column":3}},"locations":[{"start":{"line":535,"column":2},"end":{"line":537,"column":3}}]},"80":{"type":"branch","line":536,"loc":{"start":{"line":536,"column":34},"end":{"line":536,"column":71}},"locations":[{"start":{"line":536,"column":34},"end":{"line":536,"column":71}}]},"81":{"type":"branch","line":545,"loc":{"start":{"line":545,"column":2},"end":{"line":558,"column":3}},"locations":[{"start":{"line":545,"column":2},"end":{"line":558,"column":3}}]},"82":{"type":"branch","line":546,"loc":{"start":{"line":546,"column":15},"end":{"line":553,"column":5}},"locations":[{"start":{"line":546,"column":15},"end":{"line":553,"column":5}}]},"83":{"type":"branch","line":553,"loc":{"start":{"line":553,"column":4},"end":{"line":557,"column":23}},"locations":[{"start":{"line":553,"column":4},"end":{"line":557,"column":23}}]},"84":{"type":"branch","line":557,"loc":{"start":{"line":557,"column":12},"end":{"line":557,"column":31}},"locations":[{"start":{"line":557,"column":12},"end":{"line":557,"column":31}}]},"85":{"type":"branch","line":557,"loc":{"start":{"line":557,"column":23},"end":{"line":557,"column":36}},"locations":[{"start":{"line":557,"column":23},"end":{"line":557,"column":36}}]},"86":{"type":"branch","line":549,"loc":{"start":{"line":549,"column":29},"end":{"line":551,"column":7}},"locations":[{"start":{"line":549,"column":29},"end":{"line":551,"column":7}}]},"87":{"type":"branch","line":567,"loc":{"start":{"line":567,"column":10},"end":{"line":579,"column":3}},"locations":[{"start":{"line":567,"column":10},"end":{"line":579,"column":3}}]},"88":{"type":"branch","line":569,"loc":{"start":{"line":569,"column":19},"end":{"line":577,"column":5}},"locations":[{"start":{"line":569,"column":19},"end":{"line":577,"column":5}}]},"89":{"type":"branch","line":570,"loc":{"start":{"line":570,"column":24},"end":{"line":576,"column":7}},"locations":[{"start":{"line":570,"column":24},"end":{"line":576,"column":7}}]},"90":{"type":"branch","line":573,"loc":{"start":{"line":573,"column":8},"end":{"line":575,"column":9}},"locations":[{"start":{"line":573,"column":8},"end":{"line":575,"column":9}}]},"91":{"type":"branch","line":586,"loc":{"start":{"line":586,"column":10},"end":{"line":609,"column":3}},"locations":[{"start":{"line":586,"column":10},"end":{"line":609,"column":3}}]},"92":{"type":"branch","line":589,"loc":{"start":{"line":589,"column":19},"end":{"line":597,"column":5}},"locations":[{"start":{"line":589,"column":19},"end":{"line":597,"column":5}}]},"93":{"type":"branch","line":590,"loc":{"start":{"line":590,"column":24},"end":{"line":596,"column":7}},"locations":[{"start":{"line":590,"column":24},"end":{"line":596,"column":7}}]},"94":{"type":"branch","line":593,"loc":{"start":{"line":593,"column":8},"end":{"line":595,"column":9}},"locations":[{"start":{"line":593,"column":8},"end":{"line":595,"column":9}}]},"95":{"type":"branch","line":602,"loc":{"start":{"line":602,"column":35},"end":{"line":608,"column":5}},"locations":[{"start":{"line":602,"column":35},"end":{"line":608,"column":5}}]},"96":{"type":"branch","line":605,"loc":{"start":{"line":605,"column":6},"end":{"line":607,"column":7}},"locations":[{"start":{"line":605,"column":6},"end":{"line":607,"column":7}}]},"97":{"type":"branch","line":616,"loc":{"start":{"line":616,"column":10},"end":{"line":630,"column":3}},"locations":[{"start":{"line":616,"column":10},"end":{"line":630,"column":3}}]},"98":{"type":"branch","line":618,"loc":{"start":{"line":618,"column":19},"end":{"line":618,"column":26}},"locations":[{"start":{"line":618,"column":19},"end":{"line":618,"column":26}}]},"99":{"type":"branch","line":618,"loc":{"start":{"line":618,"column":19},"end":{"line":619,"column":36}},"locations":[{"start":{"line":618,"column":19},"end":{"line":619,"column":36}}]},"100":{"type":"branch","line":618,"loc":{"start":{"line":618,"column":19},"end":{"line":619,"column":27}},"locat
[...]
mn":0},"end":{"line":781,"column":33}},"781":{"start":{"line":782,"column":0},"end":{"line":782,"column":31}},"782":{"start":{"line":783,"column":0},"end":{"line":783,"column":3}},"790":{"start":{"line":791,"column":0},"end":{"line":791,"column":65}},"791":{"start":{"line":792,"column":0},"end":{"line":792,"column":62}},"792":{"start":{"line":793,"column":0},"end":{"line":793,"column":3}},"794":{"start":{"line":795,"column":0},"end":{"line":795,"column":70}},"795":{"start":{"line":796,"column":0},"end":{"line":796,"column":62}},"796":{"start":{"line":797,"column":0},"end":{"line":797,"column":39}},"797":{"start":{"line":798,"column":0},"end":{"line":798,"column":19}},"798":{"start":{"line":799,"column":0},"end":{"line":799,"column":57}},"799":{"start":{"line":800,"column":0},"end":{"line":800,"column":26}},"800":{"start":{"line":801,"column":0},"end":{"line":801,"column":6}},"801":{"start":{"line":802,"column":0},"end":{"line":802,"column":43}},"802":{"start":{"line":803,"column":0},"end":{"line":803,"column":3}},"803":{"start":{"line":804,"column":0},"end":{"line":804,"column":57}},"804":{"start":{"line":805,"column":0},"end":{"line":805,"column":55}},"805":{"start":{"line":806,"column":0},"end":{"line":806,"column":3}},"806":{"start":{"line":807,"column":0},"end":{"line":807,"column":78}},"807":{"start":{"line":808,"column":0},"end":{"line":808,"column":75}},"808":{"start":{"line":809,"column":0},"end":{"line":809,"column":3}},"809":{"start":{"line":810,"column":0},"end":{"line":810,"column":76}},"810":{"start":{"line":811,"column":0},"end":{"line":811,"column":77}},"811":{"start":{"line":812,"column":0},"end":{"line":812,"column":3}},"813":{"start":{"line":814,"column":0},"end":{"line":814,"column":57}},"814":{"start":{"line":815,"column":0},"end":{"line":815,"column":40}},"815":{"start":{"line":816,"column":0},"end":{"line":816,"column":67}},"816":{"start":{"line":817,"column":0},"end":{"line":817,"column":5}},"817":{"start":{"line":818,"column":0},"end":{"line":818,"column":27}},"818":{"start":{"line":819,"column":0},"end":{"line":819,"column":38}},"820":{"start":{"line":821,"column":0},"end":{"line":821,"column":24}},"821":{"start":{"line":822,"column":0},"end":{"line":822,"column":36}},"822":{"start":{"line":823,"column":0},"end":{"line":823,"column":61}},"823":{"start":{"line":824,"column":0},"end":{"line":824,"column":26}},"824":{"start":{"line":825,"column":0},"end":{"line":825,"column":25}},"828":{"start":{"line":829,"column":0},"end":{"line":829,"column":74}},"830":{"start":{"line":831,"column":0},"end":{"line":831,"column":58}},"831":{"start":{"line":832,"column":0},"end":{"line":832,"column":60}},"832":{"start":{"line":833,"column":0},"end":{"line":833,"column":19}},"833":{"start":{"line":834,"column":0},"end":{"line":834,"column":51}},"834":{"start":{"line":835,"column":0},"end":{"line":835,"column":7}},"835":{"start":{"line":836,"column":0},"end":{"line":836,"column":47}},"836":{"start":{"line":837,"column":0},"end":{"line":837,"column":6}},"837":{"start":{"line":838,"column":0},"end":{"line":838,"column":45}},"838":{"start":{"line":839,"column":0},"end":{"line":839,"column":3}},"840":{"start":{"line":841,"column":0},"end":{"line":841,"column":20}},"841":{"start":{"line":842,"column":0},"end":{"line":842,"column":30}},"842":{"start":{"line":843,"column":0},"end":{"line":843,"column":39}},"843":{"start":{"line":844,"column":0},"end":{"line":844,"column":24}},"844":{"start":{"line":845,"column":0},"end":{"line":845,"column":5}},"845":{"start":{"line":846,"column":0},"end":{"line":846,"column":29}},"846":{"start":{"line":847,"column":0},"end":{"line":847,"column":3}},"848":{"start":{"line":849,"column":0},"end":{"line":849,"column":18}},"849":{"start":{"line":850,"column":0},"end":{"line":850,"column":31}},"850":{"start":{"line":851,"column":0},"end":{"line":851,"column":26}},"851":{"start":{"line":852,"column":0},"end":{"line":852,"column":50}},"852":{"start":{"line":853,"column":0},"end":{"line":853,"column":52}},"855":{"start":{"line":856,"column":0},"end":{"line":856,"column":39}},"856":{"start":{"line":857,"column":0},"end":{"line":857,"column":25}},"857":{"start":{"line":858,"column":0},"end":{"line":858,"column":53}},"858":{"start":{"line":859,"column":0},"end":{"line":859,"column":29}},"859":{"start":{"line":860,"column":0},"end":{"line":860,"column":38}},"860":{"start":{"line":861,"column":0},"end":{"line":861,"column":5}},"861":{"start":{"line":862,"column":0},"end":{"line":862,"column":29}},"862":{"start":{"line":863,"column":0},"end":{"line":863,"column":41}},"863":{"start":{"line":864,"column":0},"end":{"line":864,"column":50}},"864":{"start":{"line":865,"column":0},"end":{"line":865,"column":5}},"868":{"start":{"line":869,"column":0},"end":{"line":869,"column":21}},"869":{"start":{"line":870,"column":0},"end":{"line":870,"column":58}},"870":{"start":{"line":871,"column":0},"end":{"line":871,"column":60}},"871":{"start":{"line":872,"column":0},"end":{"line":872,"column":59}},"872":{"start":{"line":873,"column":0},"end":{"line":873,"column":5}},"873":{"start":{"line":874,"column":0},"end":{"line":874,"column":3}},"875":{"start":{"line":876,"column":0},"end":{"line":876,"column":19}},"876":{"start":{"line":877,"column":0},"end":{"line":877,"column":20}},"877":{"start":{"line":878,"column":0},"end":{"line":878,"column":30}},"878":{"start":{"line":879,"column":0},"end":{"line":879,"column":28}},"879":{"start":{"line":880,"column":0},"end":{"line":880,"column":29}},"880":{"start":{"line":881,"column":0},"end":{"line":881,"column":30}},"881":{"start":{"line":882,"column":0},"end":{"line":882,"column":27}},"882":{"start":{"line":883,"column":0},"end":{"line":883,"column":24}},"883":{"start":{"line":884,"column":0},"end":{"line":884,"column":32}},"884":{"start":{"line":885,"column":0},"end":{"line":885,"column":24}},"885":{"start":{"line":886,"column":0},"end":{"line":886,"column":25}},"886":{"start":{"line":887,"column":0},"end":{"line":887,"column":24}},"887":{"start":{"line":888,"column":0},"end":{"line":888,"column":33}},"888":{"start":{"line":889,"column":0},"end":{"line":889,"column":34}},"889":{"start":{"line":890,"column":0},"end":{"line":890,"column":3}},"892":{"start":{"line":893,"column":0},"end":{"line":893,"column":27}},"893":{"start":{"line":894,"column":0},"end":{"line":894,"column":71}},"894":{"start":{"line":895,"column":0},"end":{"line":895,"column":43}},"895":{"start":{"line":896,"column":0},"end":{"line":896,"column":63}},"896":{"start":{"line":897,"column":0},"end":{"line":897,"column":33}},"897":{"start":{"line":898,"column":0},"end":{"line":898,"column":3}},"898":{"start":{"line":899,"column":0},"end":{"line":899,"column":1}}},"s":{"43":0,"44":0,"45":0,"47":0,"51":0,"52":0,"53":0,"54":0,"55":0,"56":0,"57":0,"59":0,"60":0,"62":0,"63":0,"64":0,"66":0,"68":0,"69":0,"70":0,"71":0,"72":0,"81":0,"82":0,"83":0,"84":0,"85":0,"90":0,"91":0,"93":0,"94":0,"95":0,"103":0,"104":0,"106":0,"111":0,"112":0,"113":0,"114":0,"115":0,"118":0,"120":0,"121":0,"122":0,"123":0,"125":0,"126":0,"127":0,"128":0,"129":0,"134":0,"135":0,"136":0,"137":0,"138":0,"139":0,"140":0,"141":0,"143":0,"144":0,"146":0,"147":0,"148":0,"150":0,"151":0,"152":0,"154":0,"156":0,"157":0,"158":0,"159":0,"160":0,"161":0,"162":0,"163":0,"164":0,"165":0,"166":0,"167":0,"168":0,"169":0,"170":0,"171":0,"172":0,"173":0,"174":0,"175":0,"177":0,"178":0,"179":0,"180":0,"181":0,"182":0,"183":0,"184":0,"185":0,"186":0,"187":0,"191":0,"192":0,"193":0,"194":0,"195":0,"196":0,"197":0,"198":0,"199":0,"200":0,"201":0,"202":0,"203":0,"204":0,"205":0,"206":0,"207":0,"209":0,"210":0,"211":0,"212":0,"213":0,"214":0,"216":0,"217":0,"218":0,"219":0,"226":0,"227":0,"229":0,"230":0,"231":0,"232":0,"233":0,"234":0,"235":0,"236":0,"237":0,"238":0,"240":0,"241":0,"242":0,"243":0,"244":0,"246":0,"247":0,"248":0,"249":0,"250":0,"252":0,"253":0,"254":0,"255":0,"256":0,"257":0,"258":0,"259":0,"260":0,"261":0,"262":0,"263":0,"264":0,"265":0,"266":0,"267":0,"268":0,"269":0,"270":0,"271":0,"272":0,"273":0,"274":0,"275":0,"276":0,"277":0,"278":0,"279":0,"280":0,"281":0,"282":0,"283":0,"284":0,"285":0,"287":0,"288":0,"289":0,"290":0,"291":0,"292":0,"293":0,"294":0,"295":0,"296":0,"297":0,"298":0,"299":0,"300":0,"301":0,"302":0,"304":0,"305":0,"306":0,"307":0,"308":0,"309":0,"310":0,"311":0,"312":0,"313":0,"314":0,"315":0,"316":0,"317":0,"318":0,"319":0,"320":0,"321":0,"322":0,"324":0,"325":0,"326":0,"328":0,"329":0,"330":0,"332":0,"333":0,"334":0,"337":0,"338":0,"339":0,"340":0,"341":0,"342":0,"344":0,"345":0,"346":0,"349":0,"350":0,"358":0,"359":0,"366":0,"367":0,"369":0,"370":0,"371":0,"372":0,"374":0,"375":0,"378":0,"379":0,"380":0,"381":0,"382":0,"383":0,"384":0,"385":0,"386":0,"387":0,"389":0,"390":0,"392":0,"394":0,"395":0,"396":0,"397":0,"399":0,"400":0,"401":0,"402":0,"404":0,"405":0,"406":0,"407":0,"408":0,"409":0,"410":0,"411":0,"412":0,"414":0,"415":0,"416":0,"417":0,"418":0,"419":0,"420":0,"422":0,"423":0,"424":0,"425":0,"426":0,"427":0,"428":0,"430":0,"431":0,"432":0,"433":0,"434":0,"435":0,"436":0,"438":0,"439":0,"440":0,"441":0,"442":0,"443":0,"446":0,"447":0,"448":0,"449":0,"450":0,"451":0,"453":0,"454":0,"456":0,"457":0,"458":0,"459":0,"460":0,"461":0,"462":0,"463":0,"464":0,"465":0,"466":0,"467":0,"468":0,"469":0,"470":0,"472":0,"473":0,"474":0,"478":0,"479":0,"481":0,"482":0,"483":0,"484":0,"486":0,"499":0,"500":0,"501":0,"502":0,"503":0,"504":0,"505":0,"506":0,"507":0,"508":0,"510":0,"511":0,"512":0,"513":0,"514":0,"515":0,"516":0,"517":0,"518":0,"519":0,"520":0,"521":0,"522":0,"523":0,"524":0,"525":0,"526":0,"527":0,"528":0,"529":0,"530":0,"531":0,"532":0,"533":0,"534":0,"535":0,"536":0,"537":0,"538":0,"539":0,"540":0,"541":0,"542":0,"543":0,"544":0,"545":0,"546":0,"547":0,"548":0,"549":0,"550":0,"551":0,"552":0,"553":0,"554":0,"555":0,"556":0,"557":0,"558":0,"559":0,"560":0,"561":0,"562":0,"563":0,"564":0,"565":0,"566":0,"567":0,"568":0,"569":0,"571":0,"572":0,"574":0,"575":0,"576":0,"578":0,"579":0,"580":0,"581":0,"582":0,"583":0,"584":0,"585":0,"586":0,"588":0,"589":0,"590":0,"591":0,"592":0,"593":0,"594":0,"595":0,"596":0,"597":0,"598":0,"599":0,"600":0,"601":0,"602":0,"603":0,"604":0,"605":0,"606":0,"607":0,"608":0,"609":0,"610":0,"611":0,"612":0,"613":0,"614":0,"615":0,"616":0,"617":0,"618":0,"619":0,"620":0,"621":0,"622":0,"623":0,"624":0,"625":0,"626":0,"627":0,"628":0,"629":0,"630":0,"631":0,"632":0,"633":0,"634":0,"635":0,"636":0,"637":0,"638":0,"641":0,"642":0,"643":0,"644":0,"645":0,"646":0,"647":0,"648":0,"649":0,"650":0,"651":0,"653":0,"654":0,"655":0,"656":0,"657":0,"658":0,"659":0,"660":0,"661":0,"662":0,"663":0,"664":0,"665":0,"666":0,"667":0,"668":0,"669":0,"670":0,"671":0,"673":0,"674":0,"675":0,"676":0,"677":0,"678":0,"679":0,"680":0,"681":0,"682":0,"684":0,"686":0,"687":0,"689":0,"690":0,"691":0,"692":0,"693":0,"694":0,"695":0,"696":0,"698":0,"699":0,"700":0,"701":0,"702":0,"704":0,"705":0,"707":0,"708":0,"709":0,"710":0,"711":0,"712":0,"713":0,"714":0,"715":0,"716":0,"717":0,"718":0,"719":0,"721":0,"722":0,"723":0,"724":0,"725":0,"726":0,"728":0,"729":0,"730":0,"731":0,"733":0,"734":0,"735":0,"736":0,"737":0,"739":0,"740":0,"741":0,"742":0,"744":0,"745":0,"746":0,"747":0,"749":0,"750":0,"751":0,"752":0,"754":0,"755":0,"756":0,"757":0,"758":0,"759":0,"760":0,"761":0,"763":0,"764":0,"765":0,"766":0,"767":0,"768":0,"769":0,"770":0,"771":0,"772":0,"773":0,"774":0,"775":0,"776":0,"777":0,"778":0,"779":0,"780":0,"781":0,"782":0,"790":0,"791":0,"792":0,"794":0,"795":0,"796":0,"797":0,"798":0,"799":0,"800":0,"801":0,"802":0,"803":0,"804":0,"805":0,"806":0,"807":0,"808":0,"809":0,"810":0,"811":0,"813":0,"814":0,"815":0,"816":0,"817":0,"818":0,"820":0,"821":0,"822":0,"823":0,"824":0,"828":0,"830":0,"831":0,"832":0,"833":0,"834":0,"835":0,"836":0,"837":0,"838":0,"840":0,"841":0,"842":0,"843":0,"844":0,"845":0,"846":0,"848":0,"849":0,"850":0,"851":0,"852":0,"855":0,"856":0,"857":0,"858":0,"859":0,"860":0,"861":0,"862":0,"863":0,"864":0,"868":0,"869":0,"870":0,"871":0,"872":0,"873":0,"875":0,"876":0,"877":0,"878":0,"879":0,"880":0,"881":0,"882":0,"883":0,"884":0,"885":0,"886":0,"887":0,"888":0,"889":0,"892":0,"893":0,"894":0,"895":0,"896":0,"897":0,"898":0},"branchMap":{"0":{"type":"branch","line":1,"loc":{"start":{"line":1,"column":33063},"end":{"line":899,"column":1}},"locations":[{"start":{"line":1,"column":33063},"end":{"line":899,"column":1}}]}},"b":{"0":[1]},"fnMap":{"0":{"name":"(empty-report)","decl":{"start":{"line":1,"column":33063},"end":{"line":899,"column":1}},"loc":{"start":{"line":1,"column":33063},"end":{"line":899,"column":1}},"line":1}},"f":{"0":1}}
,"/Users/law/Programming/Web/BJSM/packages/ecs/src/Renderer/raceTrackingAdapter.ts": {"path":"/Users/law/Programming/Web/BJSM/packages/ecs/src/Renderer/raceTrackingAdapter.ts","all":false,"statementMap":{"18":{"start":{"line":19,"column":0},"end":{"line":19,"column":83}},"20":{"start":{"line":21,"column":0},"end":{"line":21,"column":45}},"21":{"start":{"line":22,"column":0},"end":{"line":22,"column":60}},"22":{"start":{"line":23,"column":0},"end":{"line":23,"column":1}},"24":{"start":{"line":25,"column":0},"end":{"line":25,"column":102}},"25":{"start":{"line":26,"column":0},"end":{"line":26,"column":39}},"26":{"start":{"line":27,"column":0},"end":{"line":27,"column":80}},"27":{"start":{"line":28,"column":0},"end":{"line":28,"column":58}},"28":{"start":{"line":29,"column":0},"end":{"line":29,"column":44}},"29":{"start":{"line":30,"column":0},"end":{"line":30,"column":49}},"30":{"start":{"line":31,"column":0},"end":{"line":31,"column":34}},"31":{"start":{"line":32,"column":0},"end":{"line":32,"column":37}},"32":{"start":{"line":33,"column":0},"end":{"line":33,"column":36}},"33":{"start":{"line":34,"column":0},"end":{"line":34,"column":14}},"34":{"start":{"line":35,"column":0},"end":{"line":35,"column":3}},"37":{"start":{"line":38,"column":0},"end":{"line":38,"column":31}},"38":{"start":{"line":39,"column":0},"end":{"line":39,"column":1}},"40":{"start":{"line":41,"column":0},"end":{"line":41,"column":33}},"41":{"start":{"line":42,"column":0},"end":{"line":42,"column":27}},"42":{"start":{"line":43,"column":0},"end":{"line":43,"column":25}},"43":{"start":{"line":44,"column":0},"end":{"line":44,"column":20}},"44":{"start":{"line":45,"column":0},"end":{"line":45,"column":52}},"45":{"start":{"line":46,"column":0},"end":{"line":46,"column":27}},"47":{"start":{"line":48,"column":0},"end":{"line":48,"column":29}},"48":{"start":{"line":49,"column":0},"end":{"line":49,"column":33}},"49":{"start":{"line":50,"column":0},"end":{"line":50,"column":56}},"50":{"start":{"line":51,"column":0},"end":{"line":51,"column":68}},"51":{"start":{"line":52,"column":0},"end":{"line":52,"column":21}},"52":{"start":{"line":53,"column":0},"end":{"line":53,"column":7}},"53":{"start":{"line":54,"column":0},"end":{"line":54,"column":29}},"55":{"start":{"line":56,"column":0},"end":{"line":56,"column":34}},"56":{"start":{"line":57,"column":0},"end":{"line":57,"column":7}},"57":{"start":{"line":58,"column":0},"end":{"line":58,"column":38}},"58":{"start":{"line":59,"column":0},"end":{"line":59,"column":67}},"59":{"start":{"line":60,"column":0},"end":{"line":60,"column":51}},"60":{"start":{"line":61,"column":0},"end":{"line":61,"column":75}},"61":{"start":{"line":62,"column":0},"end":{"line":62,"column":8}},"62":{"start":{"line":63,"column":0},"end":{"line":63,"column":6}},"63":{"start":{"line":64,"column":0},"end":{"line":64,"column":5}},"64":{"start":{"line":65,"column":0},"end":{"line":65,"column":1}}},"s":{"18":1,"20":46,"21":46,"22":46,"24":27,"25":27,"26":27,"27":27,"28":27,"29":1,"30":22,"31":1,"32":1,"33":1,"34":1,"37":0,"38":0,"40":1,"41":18,"42":18,"43":18,"44":18,"45":18,"47":18,"48":18,"49":46,"50":46,"51":0,"52":0,"53":46,"55":19,"56":19,"57":27,"58":27,"59":27,"60":27,"61":27,"62":46,"63":18,"64":18},"branchMap":{"0":{"type":"branch","line":21,"loc":{"start":{"line":21,"column":0},"end":{"line":23,"column":1}},"locations":[{"start":{"line":21,"column":0},"end":{"line":23,"column":1}}]},"1":{"type":"branch","line":22,"loc":{"start":{"line":22,"column":31},"end":{"line":22,"column":58}},"locations":[{"start":{"line":22,"column":31},"end":{"line":22,"column":58}}]},"2":{"type":"branch","line":25,"loc":{"start":{"line":25,"column":0},"end":{"line":39,"column":1}},"locations":[{"start":{"line":25,"column":0},"end":{"line":39,"column":1}}]},"3":{"type":"branch","line":29,"loc":{"start":{"line":29,"column":33},"end":{"line":29,"column":44}},"locations":[{"start":{"line":29,"column":33},"end":{"line":29,"column":44}}]},"4":{"type":"branch","line":29,"loc":{"start":{"line":29,"column":40},"end":{"line":39,"column":1}},"locations":[{"start":{"line":29,"column":40},"end":{"line":39,"column":1}}]},"5":{"type":"branch","line":29,"loc":{"start":{"line":29,"column":40},"end":{"line":31,"column":25}},"locations":[{"start":{"line":29,"column":40},"end":{"line":31,"column":25}}]},"6":{"type":"branch","line":31,"loc":{"start":{"line":31,"column":18},"end":{"line":31,"column":34}},"locations":[{"start":{"line":31,"column":18},"end":{"line":31,"column":34}}]},"7":{"type":"branch","line":31,"loc":{"start":{"line":31,"column":25},"end":{"line":35,"column":3}},"locations":[{"start":{"line":31,"column":25},"end":{"line":35,"column":3}}]},"8":{"type":"branch","line":35,"loc":{"start":{"line":35,"column":2},"end":{"line":39,"column":1}},"locations":[{"start":{"line":35,"column":2},"end":{"line":39,"column":1}}]},"9":{"type":"branch","line":41,"loc":{"start":{"line":41,"column":7},"end":{"line":65,"column":1}},"locations":[{"start":{"line":41,"column":7},"end":{"line":65,"column":1}}]},"10":{"type":"branch","line":49,"loc":{"start":{"line":49,"column":4},"end":{"line":63,"column":6}},"locations":[{"start":{"line":49,"column":4},"end":{"line":63,"column":6}}]},"11":{"type":"branch","line":51,"loc":{"start":{"line":51,"column":67},"end":{"line":53,"column":7}},"locations":[{"start":{"line":51,"column":67},"end":{"line":53,"column":7}}]},"12":{"type":"branch","line":54,"loc":{"start":{"line":54,"column":28},"end":{"line":57,"column":7}},"locations":[{"start":{"line":54,"column":28},"end":{"line":57,"column":7}}]},"13":{"type":"branch","line":57,"loc":{"start":{"line":57,"column":6},"end":{"line":62,"column":8}},"locations":[{"start":{"line":57,"column":6},"end":{"line":62,"column":8}}]},"14":{"type":"branch","line":58,"loc":{"start":{"line":58,"column":13},"end":{"line":62,"column":8}},"locations":[{"start":{"line":58,"column":13},"end":{"line":62,"column":8}}]}},"b":{"0":[46],"1":[156],"2":[27],"3":[26],"4":[22],"5":[1],"6":[0],"7":[1],"8":[0],"9":[18],"10":[46],"11":[0],"12":[19],"13":[27],"14":[27]},"fnMap":{"0":{"name":"isMutator","decl":{"start":{"line":21,"column":0},"end":{"line":23,"column":1}},"loc":{"start":{"line":21,"column":0},"end":{"line":23,"column":1}},"line":21},"1":{"name":"handleIdOf","decl":{"start":{"line":25,"column":0},"end":{"line":39,"column":1}},"loc":{"start":{"line":25,"column":0},"end":{"line":39,"column":1}},"line":25},"2":{"name":"withRaceTracking","decl":{"start":{"line":41,"column":7},"end":{"line":65,"column":1}},"loc":{"start":{"line":41,"column":7},"end":{"line":65,"column":1}},"line":41},"3":{"name":"get","decl":{"start":{"line":49,"column":4},"end":{"line":63,"column":6}},"loc":{"start":{"line":49,"column":4},"end":{"line":63,"column":6}},"line":49}},"f":{"0":46,"1":27,"2":18,"3":46}}
,"/Users/law/Programming/Web/BJSM/packages/ecs/src/Renderer/types.ts": {"path":"/Users/law/Programming/Web/BJSM/packages/ecs/src/Renderer/types.ts","all":true,"statementMap":{},"s":{},"branchMap":{"0":{"type":"branch","line":1,"loc":{"start":{"line":1,"column":10303},"end":{"line":267,"column":52}},"locations":[{"start":{"line":1,"column":10303},"end":{"line":267,"column":52}}]}},"b":{"0":[1]},"fnMap":{"0":{"name":"(empty-report)","decl":{"start":{"line":1,"column":10303},"end":{"line":267,"column":52}},"loc":{"start":{"line":1,"column":10303},"end":{"line":267,"column":52}},"line":1}},"f":{"0":1}}
}
